bak
ls.out
MB1061_01.jpg
MB1061_01-large.jpg
MB1061_01-thumb.jpg
MB1061_02.jpg
MB1061_02-large.jpg
MB1061_02-thumb.jpg
MB1061_campers.jpg
MB1061_campers-large.jpg
MB1061_campers-thumb.jpg
MB1122_cozy-cabin.gif
MB1122_tent.jpg
MB1122_tent-large.jpg
MB1122_tent-thumb.jpg
MB1122_trailer_sites.jpg
MB1122_trailer_sites-large.jpg
MB1122_trailer_sites-thumb.jpg
MB1122_yogi-pool.jpg
MB1122_yogi-pool-large.jpg
MB1122_yogi-pool-thumb.jpg
MB1330_gazebo.jpg
MB1330_gazebo-large.jpg
MB1330_gazebo-thumb.jpg
MB1330_llanoaerial2006.jpg
MB1330_llanoaerial2006-large.jpg
MB1330_llanoaerial2006-thumb.jpg
MB1330_pic3.jpg
MB1330_pic3-large.jpg
MB1330_pic3-thumb.jpg
MB1330_pic5.jpg
MB1330_pic5-large.jpg
MB1330_pic5-thumb.jpg
MB1574_photo_dock01.jpg
MB1574_photo_dock01-large.jpg
MB1574_photo_dock01-thumb.jpg
MB1574_photo_dock04.jpg
MB1574_photo_dock04-large.jpg
MB1574_photo_dock04-thumb.jpg
MB1574_photo_rv01.jpg
MB1574_photo_rv01-large.jpg
MB1574_photo_rv01-thumb.jpg
MB1574_photo_rv02.jpg
MB1574_photo_rv02-large.jpg
MB1574_photo_rv02-thumb.jpg
MB1577_4428.jpg
MB1577_4428-large.jpg
MB1577_4428-thumb.jpg
MB1577_4437.jpg
MB1577_4437-large.jpg
MB1577_4437-thumb.jpg
MB1577_8527.jpg
MB1577_8527-large.jpg
MB1577_8527-thumb.jpg
MB1577_8539.jpg
MB1577_8539-large.jpg
MB1577_8539-thumb.jpg
MB1578_8161.jpg
MB1578_8161-large.jpg
MB1578_8161-thumb.jpg
MB1578_8165.jpg
MB1578_8165-large.jpg
MB1578_8165-thumb.jpg
MB1578_8169.jpg
MB1578_8169-large.jpg
MB1578_8169-thumb.jpg
MB1578_8264.jpg
MB1578_8264-large.jpg
MB1578_8264-thumb.jpg
MB1579_30amp_wesc_streamside__177.jpg
MB1579_30amp_wesc_streamside__177-large.jpg
MB1579_30amp_wesc_streamside__177-thumb.jpg
MB1579_back_of_park_50_amps_oct_2010.jpg
MB1579_back_of_park_50_amps_oct_2010-large.jpg
MB1579_back_of_park_50_amps_oct_2010-thumb.jpg
MB1579_back_side_of_site_101_water_and_electric.jpg
MB1579_back_side_of_site_101_water_and_electric-large.jpg
MB1579_back_side_of_site_101_water_and_electric-thumb.jpg
MB1579_pull_thrus_in_the_120_s.jpg
MB1579_pull_thrus_in_the_120_s-large.jpg
MB1579_pull_thrus_in_the_120_s-thumb.jpg
MB1581_4132.jpg
MB1581_4132-large.jpg
MB1581_4132-thumb.jpg
MB1581_8182.jpg
MB1581_8182-large.jpg
MB1581_8182-thumb.jpg
MB1581_8186.jpg
MB1581_8186-large.jpg
MB1581_8186-thumb.jpg
MB1581_8655.jpg
MB1581_8655-large.jpg
MB1581_8655-thumb.jpg
MB1583_8259.jpg
MB1583_8259-large.jpg
MB1583_8259-thumb.jpg
MB1583_8718.jpg
MB1583_8718-large.jpg
MB1583_8718-thumb.jpg
MB1583_8726.jpg
MB1583_8726-large.jpg
MB1583_8726-thumb.jpg
MB1583_8730.jpg
MB1583_8730-large.jpg
MB1583_8730-thumb.jpg
MB1585_8567.jpg
MB1585_8567-large.jpg
MB1585_8567-thumb.jpg
MB1585_8571.jpg
MB1585_8571-large.jpg
MB1585_8571-thumb.jpg
MB1585_8637.jpg
MB1585_8637-large.jpg
MB1585_8637-thumb.jpg
MB1585_8641.jpg
MB1585_8641-large.jpg
MB1585_8641-thumb.jpg
MB1586_8403.jpg
MB1586_8403-large.jpg
MB1586_8403-thumb.jpg
MB1586_8407.jpg
MB1586_8407-large.jpg
MB1586_8407-thumb.jpg
MB1586_8423.jpg
MB1586_8423-large.jpg
MB1586_8423-thumb.jpg
MB1586_8451.jpg
MB1586_8451-large.jpg
MB1586_8451-thumb.jpg
MB1654_cabinstrees.jpg
MB1654_cabinstrees-large.jpg
MB1654_cabinstrees-thumb.jpg
MB1654_motorhome.jpg
MB1654_motorhome-large.jpg
MB1654_motorhome-thumb.jpg
MB1654_tentlake.jpg
MB1654_tentlake-large.jpg
MB1654_tentlake-thumb.jpg
MB1654_yogi.gif
MB1723_08306ce6-d6ca-bbf3-ccad32fcb2c880bc.jpg
MB1723_08306ce6-d6ca-bbf3-ccad32fcb2c880bc-large.jpg
MB1723_08306ce6-d6ca-bbf3-ccad32fcb2c880bc-thumb.jpg
MB1723_c064266b-d8f6-56a3-fbf666b1dfbfce4d.jpg
MB1723_c064266b-d8f6-56a3-fbf666b1dfbfce4d-large.jpg
MB1723_c064266b-d8f6-56a3-fbf666b1dfbfce4d-thumb.jpg
MB1723_c0658945-c740-ce6c-dfc1f9455607e357.jpg
MB1723_c0658945-c740-ce6c-dfc1f9455607e357-large.jpg
MB1723_c0658945-c740-ce6c-dfc1f9455607e357-thumb.jpg
MB1723_c065d3de-0ffe-1c79-10160ebe6c8cff3d.jpg
MB1723_c065d3de-0ffe-1c79-10160ebe6c8cff3d-large.jpg
MB1723_c065d3de-0ffe-1c79-10160ebe6c8cff3d-thumb.jpg
MB1724_c066ef5e-cdc6-0a58-2fd2c058fd86dc26.jpg
MB1724_c066ef5e-cdc6-0a58-2fd2c058fd86dc26-large.jpg
MB1724_c066ef5e-cdc6-0a58-2fd2c058fd86dc26-thumb.jpg
MB1724_c0675863-f09d-1101-04d793b37921e3a3.jpg
MB1724_c0675863-f09d-1101-04d793b37921e3a3-large.jpg
MB1724_c0675863-f09d-1101-04d793b37921e3a3-thumb.jpg
MB1724_c0681f24-98d7-060b-273a10776999d2e1.jpg
MB1724_c0681f24-98d7-060b-273a10776999d2e1-large.jpg
MB1724_c0681f24-98d7-060b-273a10776999d2e1-thumb.jpg
MB1724_c0686d89-0283-a7c4-14324d0b3040b32b.jpg
MB1724_c0686d89-0283-a7c4-14324d0b3040b32b-large.jpg
MB1724_c0686d89-0283-a7c4-14324d0b3040b32b-thumb.jpg
MB1725_c07f4749-c40b-d48d-96347ddbccb99087.jpg
MB1725_c07f4749-c40b-d48d-96347ddbccb99087-large.jpg
MB1725_c07f4749-c40b-d48d-96347ddbccb99087-thumb.jpg
MB1725_c07f8fbe-f895-f268-eb72173c0d01b23c.jpg
MB1725_c07f8fbe-f895-f268-eb72173c0d01b23c-large.jpg
MB1725_c07f8fbe-f895-f268-eb72173c0d01b23c-thumb.jpg
MB1725_c08021b1-a62b-c846-79b982c68d510e64.jpg
MB1725_c08021b1-a62b-c846-79b982c68d510e64-large.jpg
MB1725_c08021b1-a62b-c846-79b982c68d510e64-thumb.jpg
MB1725_c081ea4c-0e84-c248-e54ec1315096165d.jpg
MB1725_c081ea4c-0e84-c248-e54ec1315096165d-large.jpg
MB1725_c081ea4c-0e84-c248-e54ec1315096165d-thumb.jpg
MB1750_a87276e0-e256-a78f-fdcee5f54a8b642d.jpg
MB1750_a87276e0-e256-a78f-fdcee5f54a8b642d-large.jpg
MB1750_a87276e0-e256-a78f-fdcee5f54a8b642d-thumb.jpg
MB1750_a872ef88-c518-5ac8-70af3c54e817f61c.jpg
MB1750_a872ef88-c518-5ac8-70af3c54e817f61c-large.jpg
MB1750_a872ef88-c518-5ac8-70af3c54e817f61c-thumb.jpg
MB1750_a8732405-e9aa-2489-2aedcdcd1ec76eb4.jpg
MB1750_a8732405-e9aa-2489-2aedcdcd1ec76eb4-large.jpg
MB1750_a8732405-e9aa-2489-2aedcdcd1ec76eb4-thumb.jpg
MB1750_a8743ff5-c274-516d-767a0a6f2b804865.jpg
MB1750_a8743ff5-c274-516d-767a0a6f2b804865-large.jpg
MB1750_a8743ff5-c274-516d-767a0a6f2b804865-thumb.jpg
MB1752_a87dc7c2-98d7-4344-38e28ac0669cddcc.jpg
MB1752_a87dc7c2-98d7-4344-38e28ac0669cddcc-large.jpg
MB1752_a87dc7c2-98d7-4344-38e28ac0669cddcc-thumb.jpg
MB1752_a87e0c92-abf5-009a-a397b01da1163d7a.jpg
MB1752_a87e0c92-abf5-009a-a397b01da1163d7a-large.jpg
MB1752_a87e0c92-abf5-009a-a397b01da1163d7a-thumb.jpg
MB1752_aa957736-ee67-eccf-8c7fe0f7d8679ebb.jpg
MB1752_aa957736-ee67-eccf-8c7fe0f7d8679ebb-large.jpg
MB1752_aa957736-ee67-eccf-8c7fe0f7d8679ebb-thumb.jpg
MB1752_c08449bf-b211-902a-bbf49536f668c0e1.jpg
MB1752_c08449bf-b211-902a-bbf49536f668c0e1-large.jpg
MB1752_c08449bf-b211-902a-bbf49536f668c0e1-thumb.jpg
MB1753_a8aa6f56-edc4-62d2-8f5cb18fddb9403f.jpg
MB1753_a8aa6f56-edc4-62d2-8f5cb18fddb9403f-large.jpg
MB1753_a8aa6f56-edc4-62d2-8f5cb18fddb9403f-thumb.jpg
MB1753_a8aafefa-ef51-5066-1f9596858e1f0e0c.jpg
MB1753_a8aafefa-ef51-5066-1f9596858e1f0e0c-large.jpg
MB1753_a8aafefa-ef51-5066-1f9596858e1f0e0c-thumb.jpg
MB1753_a8abc380-f518-f892-36e8a8f4897ee74f.jpg
MB1753_a8abc380-f518-f892-36e8a8f4897ee74f-large.jpg
MB1753_a8abc380-f518-f892-36e8a8f4897ee74f-thumb.jpg
MB1753_a8ac5d70-cad2-0530-2e3c0071ab8569b0.jpg
MB1753_a8ac5d70-cad2-0530-2e3c0071ab8569b0-large.jpg
MB1753_a8ac5d70-cad2-0530-2e3c0071ab8569b0-thumb.jpg
MB1754_a8b4b3dd-f676-96ab-8be29aa617e9ced3.jpg
MB1754_a8b4b3dd-f676-96ab-8be29aa617e9ced3-large.jpg
MB1754_a8b4b3dd-f676-96ab-8be29aa617e9ced3-thumb.jpg
MB1754_a8b949c9-c618-569e-036c41a032706b9c.jpg
MB1754_a8b949c9-c618-569e-036c41a032706b9c-large.jpg
MB1754_a8b949c9-c618-569e-036c41a032706b9c-thumb.jpg
MB1754_a8ba0f25-a22d-e86b-b606e524cdde9ea1.jpg
MB1754_a8ba0f25-a22d-e86b-b606e524cdde9ea1-large.jpg
MB1754_a8ba0f25-a22d-e86b-b606e524cdde9ea1-thumb.jpg
MB1754_a8ba7e17-b8d2-0303-2441d444cf0a19b7.jpg
MB1754_a8ba7e17-b8d2-0303-2441d444cf0a19b7-large.jpg
MB1754_a8ba7e17-b8d2-0303-2441d444cf0a19b7-thumb.jpg
MB1755_rvz1.jpg
MB1755_rvz1-large.jpg
MB1755_rvz1-thumb.jpg
MB1755_rvz2.jpg
MB1755_rvz2-large.jpg
MB1755_rvz2-thumb.jpg
MB1755_rvz3.jpg
MB1755_rvz3-large.jpg
MB1755_rvz3-thumb.jpg
MB1755_rvz4.jpg
MB1755_rvz4-large.jpg
MB1755_rvz4-thumb.jpg
MB1756_5809b52e-f055-3f2e-b09208c1a3f307fa.jpg
MB1756_5809b52e-f055-3f2e-b09208c1a3f307fa-large.jpg
MB1756_5809b52e-f055-3f2e-b09208c1a3f307fa-thumb.jpg
MB1756_580e19e1-c498-3572-ee96df826823147a.jpg
MB1756_580e19e1-c498-3572-ee96df826823147a-large.jpg
MB1756_580e19e1-c498-3572-ee96df826823147a-thumb.jpg
MB1756_a8e7a45b-cd12-f758-67edcf4b37ac0be8.jpg
MB1756_a8e7a45b-cd12-f758-67edcf4b37ac0be8-large.jpg
MB1756_a8e7a45b-cd12-f758-67edcf4b37ac0be8-thumb.jpg
MB1756_a8e85628-b2ab-9687-cd935d2d8898ac55.jpg
MB1756_a8e85628-b2ab-9687-cd935d2d8898ac55-large.jpg
MB1756_a8e85628-b2ab-9687-cd935d2d8898ac55-thumb.jpg
MB1757_a8c76c09-9e8a-2b27-2606a310919373fe.jpg
MB1757_a8c76c09-9e8a-2b27-2606a310919373fe-large.jpg
MB1757_a8c76c09-9e8a-2b27-2606a310919373fe-thumb.jpg
MB1757_af335a4d-aed6-1b25-f20ed9d974c4c6b7.jpg
MB1757_af335a4d-aed6-1b25-f20ed9d974c4c6b7-large.jpg
MB1757_af335a4d-aed6-1b25-f20ed9d974c4c6b7-thumb.jpg
MB1757_af34c073-c332-4aa1-3a40915315206303.jpg
MB1757_af34c073-c332-4aa1-3a40915315206303-large.jpg
MB1757_af34c073-c332-4aa1-3a40915315206303-thumb.jpg
MB1757_babf2575-a3a5-4430-897780629fad5451.jpg
MB1757_babf2575-a3a5-4430-897780629fad5451-large.jpg
MB1757_babf2575-a3a5-4430-897780629fad5451-thumb.jpg
MB1758_a8f70e72-a1af-b976-6d22bffa467e1411.jpg
MB1758_a8f70e72-a1af-b976-6d22bffa467e1411-large.jpg
MB1758_a8f70e72-a1af-b976-6d22bffa467e1411-thumb.jpg
MB1758_c0912940-fd28-81db-c580035aa16d9995.jpg
MB1758_c0912940-fd28-81db-c580035aa16d9995-large.jpg
MB1758_c0912940-fd28-81db-c580035aa16d9995-thumb.jpg
MB1758_c09238e6-bc70-8faf-a969350b94a9e8ff.jpg
MB1758_c09238e6-bc70-8faf-a969350b94a9e8ff-large.jpg
MB1758_c09238e6-bc70-8faf-a969350b94a9e8ff-thumb.jpg
MB1758_c092c89c-c5e1-9e96-4f8be0a51e9af685.jpg
MB1758_c092c89c-c5e1-9e96-4f8be0a51e9af685-large.jpg
MB1758_c092c89c-c5e1-9e96-4f8be0a51e9af685-thumb.jpg
MB1759_395f23c7-99b1-adcc-84b14179899eea6c.jpg
MB1759_395f23c7-99b1-adcc-84b14179899eea6c-large.jpg
MB1759_395f23c7-99b1-adcc-84b14179899eea6c-thumb.jpg
MB1759_7c6b22b4-90ac-b298-8521f5e65e18bfcd.jpg
MB1759_7c6b22b4-90ac-b298-8521f5e65e18bfcd-large.jpg
MB1759_7c6b22b4-90ac-b298-8521f5e65e18bfcd-thumb.jpg
MB1759_7c7a2aa7-04e6-057a-d00c29cee52cb673.jpg
MB1759_7c7a2aa7-04e6-057a-d00c29cee52cb673-large.jpg
MB1759_7c7a2aa7-04e6-057a-d00c29cee52cb673-thumb.jpg
MB1759_a908dff2-e8f8-a8ce-94e6d02336e268d0.jpg
MB1759_a908dff2-e8f8-a8ce-94e6d02336e268d0-large.jpg
MB1759_a908dff2-e8f8-a8ce-94e6d02336e268d0-thumb.jpg
MB1760_a8fad8e7-effb-e215-ae99704751457f03.jpg
MB1760_a8fad8e7-effb-e215-ae99704751457f03-large.jpg
MB1760_a8fad8e7-effb-e215-ae99704751457f03-thumb.jpg
MB1760_a8fbb060-e00b-0611-638a5766b672f19e.jpg
MB1760_a8fbb060-e00b-0611-638a5766b672f19e-large.jpg
MB1760_a8fbb060-e00b-0611-638a5766b672f19e-thumb.jpg
MB1760_a8fc3607-c6d3-c589-35a4fae4ba49dc57.jpg
MB1760_a8fc3607-c6d3-c589-35a4fae4ba49dc57-large.jpg
MB1760_a8fc3607-c6d3-c589-35a4fae4ba49dc57-thumb.jpg
MB1760_a8fde446-c1bf-fe68-aba3f1818d31046d.jpg
MB1760_a8fde446-c1bf-fe68-aba3f1818d31046d-large.jpg
MB1760_a8fde446-c1bf-fe68-aba3f1818d31046d-thumb.jpg
MB1765_a8a20723-d800-5ed9-c141be8390202342.jpg
MB1765_a8a20723-d800-5ed9-c141be8390202342-large.jpg
MB1765_a8a20723-d800-5ed9-c141be8390202342-thumb.jpg
MB1765_a8a2b736-c7b8-d04f-1cb503e53ae14f73.jpg
MB1765_a8a2b736-c7b8-d04f-1cb503e53ae14f73-large.jpg
MB1765_a8a2b736-c7b8-d04f-1cb503e53ae14f73-thumb.jpg
MB1765_a8a38004-d62b-b281-57e40e9c04bc62a7.jpg
MB1765_a8a38004-d62b-b281-57e40e9c04bc62a7-large.jpg
MB1765_a8a38004-d62b-b281-57e40e9c04bc62a7-thumb.jpg
MB1819_c09404a3-f63c-9d3b-52570b379af02f2e.jpg
MB1819_c09404a3-f63c-9d3b-52570b379af02f2e-large.jpg
MB1819_c09404a3-f63c-9d3b-52570b379af02f2e-thumb.jpg
MB1819_c0947d8e-e2da-acee-bb4399dce71aafd2.jpg
MB1819_c0947d8e-e2da-acee-bb4399dce71aafd2-large.jpg
MB1819_c0947d8e-e2da-acee-bb4399dce71aafd2-thumb.jpg
MB1819_c09506b2-abcb-6d7f-7902896a6a39abb9.jpg
MB1819_c09506b2-abcb-6d7f-7902896a6a39abb9-large.jpg
MB1819_c09506b2-abcb-6d7f-7902896a6a39abb9-thumb.jpg
MB1819_c095dbf0-de71-42c8-0429f6f7b378e803.jpg
MB1819_c095dbf0-de71-42c8-0429f6f7b378e803-large.jpg
MB1819_c095dbf0-de71-42c8-0429f6f7b378e803-thumb.jpg
MB1946_af40348b-d60a-fbb5-28c52af9ad5ac03e.jpg
MB1946_af40348b-d60a-fbb5-28c52af9ad5ac03e-large.jpg
MB1946_af40348b-d60a-fbb5-28c52af9ad5ac03e-thumb.jpg
MB1946_af554ee2-efbe-7f33-801a1da2a1b30f57.jpg
MB1946_af554ee2-efbe-7f33-801a1da2a1b30f57-large.jpg
MB1946_af554ee2-efbe-7f33-801a1da2a1b30f57-thumb.jpg
MB1946_af55fefb-09aa-b705-e14f258ce468c9de.jpg
MB1946_af55fefb-09aa-b705-e14f258ce468c9de-large.jpg
MB1946_af55fefb-09aa-b705-e14f258ce468c9de-thumb.jpg
MB1946_b0533af6-be1e-52db-2311346171ddef07.jpg
MB1946_b0533af6-be1e-52db-2311346171ddef07-large.jpg
MB1946_b0533af6-be1e-52db-2311346171ddef07-thumb.jpg
MB1977_bldg.jpg
MB1977_bldg-large.jpg
MB1977_bldg-thumb.jpg
MB1977_motor1b.jpg
MB1977_motor1b-large.jpg
MB1977_motor1b-thumb.jpg
MB1977_pool1b.jpg
MB1977_pool1b-large.jpg
MB1977_pool1b-thumb.jpg
MB2021_dscn1895.jpg
MB2021_dscn1895-large.jpg
MB2021_dscn1895-thumb.jpg
MB2021_dscn1900.jpg
MB2021_dscn1900-large.jpg
MB2021_dscn1900-thumb.jpg
MB2021_dscn1913.jpg
MB2021_dscn1913-large.jpg
MB2021_dscn1913-thumb.jpg
MB2021_dscn1927.jpg
MB2021_dscn1927-large.jpg
MB2021_dscn1927-thumb.jpg
MB2030_c4ffe9f7-dba3-cab1-d91a25c135a3e944.jpg
MB2030_c4ffe9f7-dba3-cab1-d91a25c135a3e944-large.jpg
MB2030_c4ffe9f7-dba3-cab1-d91a25c135a3e944-thumb.jpg
MB2030_c4ffee07-b31e-b61c-8f6010578e9dbdd3.jpg
MB2030_c4ffee07-b31e-b61c-8f6010578e9dbdd3-large.jpg
MB2030_c4ffee07-b31e-b61c-8f6010578e9dbdd3-thumb.jpg
MB2030_c4fff2a4-d7eb-98b9-3e121e3702f065a6.jpg
MB2030_c4fff2a4-d7eb-98b9-3e121e3702f065a6-large.jpg
MB2030_c4fff2a4-d7eb-98b9-3e121e3702f065a6-thumb.jpg
MB2030_c4fffc01-908b-f635-bf87c3397e71bb99.jpg
MB2030_c4fffc01-908b-f635-bf87c3397e71bb99-large.jpg
MB2030_c4fffc01-908b-f635-bf87c3397e71bb99-thumb.jpg
MB2031_c4bcfc1e-bd06-c4da-8996feeeeba168ab.jpg
MB2031_c4bcfc1e-bd06-c4da-8996feeeeba168ab-large.jpg
MB2031_c4bcfc1e-bd06-c4da-8996feeeeba168ab-thumb.jpg
MB2031_c4bd0354-0994-496a-e8ad0714bd79b39a.jpg
MB2031_c4bd0354-0994-496a-e8ad0714bd79b39a-large.jpg
MB2031_c4bd0354-0994-496a-e8ad0714bd79b39a-thumb.jpg
MB2031_c4be4e4e-ab20-7a85-a586551626000eee.jpg
MB2031_c4be4e4e-ab20-7a85-a586551626000eee-large.jpg
MB2031_c4be4e4e-ab20-7a85-a586551626000eee-thumb.jpg
MB2031_c4bf2e5e-a412-9b9d-9bcf097293c3405c.jpg
MB2031_c4bf2e5e-a412-9b9d-9bcf097293c3405c-large.jpg
MB2031_c4bf2e5e-a412-9b9d-9bcf097293c3405c-thumb.jpg
MB2033_c4b3748a-a270-6af6-4cbb25ca96424c3a.jpg
MB2033_c4b3748a-a270-6af6-4cbb25ca96424c3a-large.jpg
MB2033_c4b3748a-a270-6af6-4cbb25ca96424c3a-thumb.jpg
MB2033_c4b3cfcc-f5a9-5b82-4fcf94ff4ec22fa2.jpg
MB2033_c4b3cfcc-f5a9-5b82-4fcf94ff4ec22fa2-large.jpg
MB2033_c4b3cfcc-f5a9-5b82-4fcf94ff4ec22fa2-thumb.jpg
MB2033_c4b4a7b1-a29b-2095-89e954ae65fc648b.jpg
MB2033_c4b4a7b1-a29b-2095-89e954ae65fc648b-large.jpg
MB2033_c4b4a7b1-a29b-2095-89e954ae65fc648b-thumb.jpg
MB2033_c4b57dbb-ff40-3743-13a7b4366eed51b3.jpg
MB2033_c4b57dbb-ff40-3743-13a7b4366eed51b3-large.jpg
MB2033_c4b57dbb-ff40-3743-13a7b4366eed51b3-thumb.jpg
MB2034_c4f4681c-efe8-968d-eea75554d465431d.jpg
MB2034_c4f4681c-efe8-968d-eea75554d465431d-large.jpg
MB2034_c4f4681c-efe8-968d-eea75554d465431d-thumb.jpg
MB2034_c4f51221-07d8-9ecd-dff1fa10c71c5c75.jpg
MB2034_c4f51221-07d8-9ecd-dff1fa10c71c5c75-large.jpg
MB2034_c4f51221-07d8-9ecd-dff1fa10c71c5c75-thumb.jpg
MB2034_c4f57315-a512-6974-7e93c3bca270087d.jpg
MB2034_c4f57315-a512-6974-7e93c3bca270087d-large.jpg
MB2034_c4f57315-a512-6974-7e93c3bca270087d-thumb.jpg
MB2034_c4f5c3b8-c506-6698-9d5d219f2663396e.jpg
MB2034_c4f5c3b8-c506-6698-9d5d219f2663396e-large.jpg
MB2034_c4f5c3b8-c506-6698-9d5d219f2663396e-thumb.jpg
MB2181_pelican1.jpg
MB2181_pelican1-large.jpg
MB2181_pelican1-thumb.jpg
MB2181_pelican2.jpg
MB2181_pelican2-large.jpg
MB2181_pelican2-thumb.jpg
MB2181_pelican3.jpg
MB2181_pelican3-large.jpg
MB2181_pelican3-thumb.jpg
MB2181_pelican4.jpg
MB2181_pelican4-large.jpg
MB2181_pelican4-thumb.jpg
MB2183_11878736365uegic.jpg
MB2183_11878736365uegic-large.jpg
MB2183_11878736365uegic-thumb.jpg
MB2183_1193367773jci22b.jpg
MB2183_1193367773jci22b-large.jpg
MB2183_1193367773jci22b-thumb.jpg
MB2183_1244711480i3bt0y.jpg
MB2183_1244711480i3bt0y-large.jpg
MB2183_1244711480i3bt0y-thumb.jpg
MB2183_1287057677njztm1.jpg
MB2183_1287057677njztm1-large.jpg
MB2183_1287057677njztm1-thumb.jpg
MB2188_cabin-web_pic_photos.jpg
MB2188_cabin-web_pic_photos-large.jpg
MB2188_cabin-web_pic_photos-thumb.jpg
MB2188_campsite.jpg
MB2188_campsite-large.jpg
MB2188_campsite-thumb.jpg
MB2188_magnoliaoffice.jpg
MB2188_magnoliaoffice-large.jpg
MB2188_magnoliaoffice-thumb.jpg
MB2188_poolwebsite.jpg
MB2188_poolwebsite-large.jpg
MB2188_poolwebsite-thumb.jpg
MB2191_ah1.jpg
MB2191_ah1-large.jpg
MB2191_ah1-thumb.jpg
MB2191_ah2.jpg
MB2191_ah2-large.jpg
MB2191_ah2-thumb.jpg
MB2191_ah3.jpg
MB2191_ah3-large.jpg
MB2191_ah3-thumb.jpg
MB2191_ah4.jpg
MB2191_ah4-large.jpg
MB2191_ah4-thumb.jpg
MB2195_shoal_creek_1.jpg
MB2195_shoal_creek_1-large.jpg
MB2195_shoal_creek_1-thumb.jpg
MB2195_shoal_creek_2.jpg
MB2195_shoal_creek_2-large.jpg
MB2195_shoal_creek_2-thumb.jpg
MB2195_shoal_creek_picnic_area.jpg
MB2195_shoal_creek_picnic_area-large.jpg
MB2195_shoal_creek_picnic_area-thumb.jpg
MB2195_shoal_creek_playground.jpg
MB2195_shoal_creek_playground-large.jpg
MB2195_shoal_creek_playground-thumb.jpg
MB2196_family_fun.jpg
MB2196_family_fun-large.jpg
MB2196_family_fun-thumb.jpg
MB2196_river_view.jpg
MB2196_river_view-large.jpg
MB2196_river_view-thumb.jpg
MB2196_rv_camping.jpg
MB2196_rv_camping-large.jpg
MB2196_rv_camping-thumb.jpg
MB2196_scenic_view.jpg
MB2196_scenic_view-large.jpg
MB2196_scenic_view-thumb.jpg
MB2197_about-photo.jpg
MB2197_about-photo-large.jpg
MB2197_about-photo-thumb.jpg
MB2197_amenities-photo3.jpg
MB2197_amenities-photo3-large.jpg
MB2197_amenities-photo3-thumb.jpg
MB2197_gal_pic_1.jpg
MB2197_gal_pic_1-large.jpg
MB2197_gal_pic_1-thumb.jpg
MB2197_homephoto-2.jpg
MB2197_homephoto-2-large.jpg
MB2197_homephoto-2-thumb.jpg
MB2208_cimg0098.jpg
MB2208_cimg0098-large.jpg
MB2208_cimg0098-thumb.jpg
MB2208_lake.jpg
MB2208_lake-large.jpg
MB2208_lake-thumb.jpg
MB2208_park.jpg
MB2208_park-large.jpg
MB2208_park-thumb.jpg
MB2208_wood-lake-002.jpg
MB2208_wood-lake-002-large.jpg
MB2208_wood-lake-002-thumb.jpg
MB2211_bcrv_090108_01.jpg
MB2211_bcrv_090108_01-large.jpg
MB2211_bcrv_090108_01-thumb.jpg
MB2211_bcrv_photo_7309_valley_two.jpg
MB2211_bcrv_photo_7309_valley_two-large.jpg
MB2211_bcrv_photo_7309_valley_two-thumb.jpg
MB2211_office.jpg
MB2211_office-large.jpg
MB2211_office-thumb.jpg
MB2211_pool.jpg
MB2211_pool-large.jpg
MB2211_pool-thumb.jpg
MB2213_summer-fall-winter_202009-2010_20016.jpg
MB2213_summer-fall-winter_202009-2010_20016-large.jpg
MB2213_summer-fall-winter_202009-2010_20016-thumb.jpg
MB2213_summer-fall-winter_202009-2010_20193.jpg
MB2213_summer-fall-winter_202009-2010_20193-large.jpg
MB2213_summer-fall-winter_202009-2010_20193-thumb.jpg
MB2213_summer-fall-winter_202009-2010_20194.jpg
MB2213_summer-fall-winter_202009-2010_20194-large.jpg
MB2213_summer-fall-winter_202009-2010_20194-thumb.jpg
MB2213_summer-fall-winter_202009-2010_20212.jpg
MB2213_summer-fall-winter_202009-2010_20212-large.jpg
MB2213_summer-fall-winter_202009-2010_20212-thumb.jpg
MB2222_riptidewebsite2_-_copy.jpg
MB2222_riptidewebsite2_-_copy-large.jpg
MB2222_riptidewebsite2_-_copy-thumb.jpg
MB2222_riptidewebsite3_-_copy.jpg
MB2222_riptidewebsite3_-_copy-large.jpg
MB2222_riptidewebsite3_-_copy-thumb.jpg
MB2222_riptidewebsite4_-_copy.jpg
MB2222_riptidewebsite4_-_copy-large.jpg
MB2222_riptidewebsite4_-_copy-thumb.jpg
MB2222_riptidewebsite5_-_copy.jpg
MB2222_riptidewebsite5_-_copy-large.jpg
MB2222_riptidewebsite5_-_copy-thumb.jpg
MB2225_rv1.jpg
MB2225_rv1-large.jpg
MB2225_rv1-thumb.jpg
MB2225_rv3.jpg
MB2225_rv3-large.jpg
MB2225_rv3-thumb.jpg
MB2225_rv4.jpg
MB2225_rv4-large.jpg
MB2225_rv4-thumb.jpg
MB2225_rv8.jpg
MB2225_rv8-large.jpg
MB2225_rv8-thumb.jpg
MBL900_45-1.jpg
MBL900_45-1-large.jpg
MBL900_45-1-thumb.jpg
MBL900_45-2.jpg
MBL900_45-2-large.jpg
MBL900_45-2-thumb.jpg
MBL900_45-4.jpg
MBL900_45-4-large.jpg
MBL900_45-4-thumb.jpg
MBL900_45-5.jpg
MBL900_45-5-large.jpg
MBL900_45-5-thumb.jpg
MBL929_fish-c.jpg
MBL929_fish-c-large.jpg
MBL929_fish-c-thumb.jpg
MBL929_lake-site.jpg
MBL929_lake-site-large.jpg
MBL929_lake-site-thumb.jpg
MBL929_pull-thru-front.jpg
MBL929_pull-thru-front-large.jpg
MBL929_pull-thru-front-thumb.jpg
MBL929_site-entrance.jpg
MBL929_site-entrance-large.jpg
MBL929_site-entrance-thumb.jpg
MBL954_homecottage.jpg
MBL954_homecottage-large.jpg
MBL954_homecottage-thumb.jpg
MBL954_homewaterpark.jpg
MBL954_homewaterpark-large.jpg
MBL954_homewaterpark-thumb.jpg
MBL954_insidepool.jpg
MBL954_insidepool-large.jpg
MBL954_insidepool-thumb.jpg
MBL954_trainride.jpg
MBL954_trainride-large.jpg
MBL954_trainride-thumb.jpg
MC1011_4-1.jpg
MC1011_4-1-large.jpg
MC1011_4-1-thumb.jpg
MC1011_4-5.jpg
MC1011_4-5-large.jpg
MC1011_4-5-thumb.jpg
MC1011_4th-luau-frogs-olympics_024.jpg
MC1011_4th-luau-frogs-olympics_024-large.jpg
MC1011_4th-luau-frogs-olympics_024-thumb.jpg
MC1011_jsmosaic.jpg
MC1011_jsmosaic-large.jpg
MC1011_jsmosaic-thumb.jpg
MC1015_01582fbe-9ebd-e79c-c9e68b00e852401c.jpg
MC1015_01582fbe-9ebd-e79c-c9e68b00e852401c-large.jpg
MC1015_01582fbe-9ebd-e79c-c9e68b00e852401c-thumb.jpg
MC1015_c07779c9-dfbe-93dc-d287f6038e3082f7.jpg
MC1015_c07779c9-dfbe-93dc-d287f6038e3082f7-large.jpg
MC1015_c07779c9-dfbe-93dc-d287f6038e3082f7-thumb.jpg
MC1015_c07a6eee-f8ab-b2b4-bb4bbbe9d1b8f4ad.jpg
MC1015_c07a6eee-f8ab-b2b4-bb4bbbe9d1b8f4ad-large.jpg
MC1015_c07a6eee-f8ab-b2b4-bb4bbbe9d1b8f4ad-thumb.jpg
MC1015_c07aec33-c514-75f3-92263b09552fd820.jpg
MC1015_c07aec33-c514-75f3-92263b09552fd820-large.jpg
MC1015_c07aec33-c514-75f3-92263b09552fd820-thumb.jpg
MC1037_01.jpg
MC1037_01-large.jpg
MC1037_01-thumb.jpg
MC1037_02.jpg
MC1037_02-large.jpg
MC1037_02-thumb.jpg
MC1037_03.jpg
MC1037_03-large.jpg
MC1037_03-thumb.jpg
MC1037_04.jpg
MC1037_04-large.jpg
MC1037_04-thumb.jpg
MC1106_66-1.jpg
MC1106_66-1-large.jpg
MC1106_66-1-thumb.jpg
MC1106_66-3.jpg
MC1106_66-3-large.jpg
MC1106_66-3-thumb.jpg
MC1106_66-4.jpg
MC1106_66-4-large.jpg
MC1106_66-4-thumb.jpg
MC1106_robert_ranger_station.jpg
MC1106_robert_ranger_station-large.jpg
MC1106_robert_ranger_station-thumb.jpg
MC1133_dwoodarch1_800x1200.jpg
MC1133_dwoodarch1_800x1200-large.jpg
MC1133_dwoodarch1_800x1200-thumb.jpg
MC1133_kiddiepool1-800x525.jpg
MC1133_kiddiepool1-800x525-large.jpg
MC1133_kiddiepool1-800x525-thumb.jpg
MC1133_minigolf3rdholebench1-800x600.jpg
MC1133_minigolf3rdholebench1-800x600-large.jpg
MC1133_minigolf3rdholebench1-800x600-thumb.jpg
MC1133_siteswes1-800x600.jpg
MC1133_siteswes1-800x600-large.jpg
MC1133_siteswes1-800x600-thumb.jpg
MC1173_cabin2.jpg
MC1173_cabin2-large.jpg
MC1173_cabin2-thumb.jpg
MC1173_goldcamp2.jpg
MC1173_goldcamp2-large.jpg
MC1173_goldcamp2-thumb.jpg
MC1173_lake.jpg
MC1173_lake-large.jpg
MC1173_lake-thumb.jpg
MC1173_yogi-station.jpg
MC1173_yogi-station-large.jpg
MC1173_yogi-station-thumb.jpg
MC1196_cabin1_big.jpg
MC1196_cabin1_big-large.jpg
MC1196_cabin1_big-thumb.jpg
MC1196_rv3_big.jpg
MC1196_rv3_big-large.jpg
MC1196_rv3_big-thumb.jpg
MC1196_vallecito_general_promo-35.jpg
MC1196_vallecito_general_promo-35-large.jpg
MC1196_vallecito_general_promo-35-thumb.jpg
MC1196_vallecito_general_promo-61.jpg
MC1196_vallecito_general_promo-61-large.jpg
MC1196_vallecito_general_promo-61-thumb.jpg
MC1246_bedroom_square.jpg
MC1246_bedroom_square-large.jpg
MC1246_bedroom_square-thumb.jpg
MC1246_lodge_in_square.jpg
MC1246_lodge_in_square-large.jpg
MC1246_lodge_in_square-thumb.jpg
MC1246_lodge_out_square.jpg
MC1246_lodge_out_square-large.jpg
MC1246_lodge_out_square-thumb.jpg
MC1246_playground_square.jpg
MC1246_playground_square-large.jpg
MC1246_playground_square-thumb.jpg
MC1333_1359g9sf55_file1.jpg
MC1333_1359g9sf55_file1-large.jpg
MC1333_1359g9sf55_file1-thumb.jpg
MC1333_53f9593r5q_file1.jpg
MC1333_53f9593r5q_file1-large.jpg
MC1333_53f9593r5q_file1-thumb.jpg
MC1333_957usd5z31_file1.jpg
MC1333_957usd5z31_file1-large.jpg
MC1333_957usd5z31_file1-thumb.jpg
MC1333_laundry.jpg
MC1333_laundry-large.jpg
MC1333_laundry-thumb.jpg
MC1501_3_webshot_pool.gif
MC1501_4_webshot_studio_cottages.gif
MC1501_img_0586.jpg
MC1501_img_0586-large.jpg
MC1501_img_0586-thumb.jpg
MC1501_playground.jpg
MC1501_playground-large.jpg
MC1501_playground-thumb.jpg
MC1502_3_shuffle.gif
MC1502_cactus.jpg
MC1502_cactus-large.jpg
MC1502_cactus-thumb.jpg
MC1502_exercise.jpg
MC1502_exercise-large.jpg
MC1502_exercise-thumb.jpg
MC1506_b99057ab-0bc5-1596-6bd1fc20c081f2dd.jpg
MC1506_b99057ab-0bc5-1596-6bd1fc20c081f2dd-large.jpg
MC1506_b99057ab-0bc5-1596-6bd1fc20c081f2dd-thumb.jpg
MC1506_b990ffb5-bf3e-6b54-17048d58523f5ef6.jpg
MC1506_b990ffb5-bf3e-6b54-17048d58523f5ef6-large.jpg
MC1506_b990ffb5-bf3e-6b54-17048d58523f5ef6-thumb.jpg
MC1506_b99173bc-9185-d947-9d507c987f00a4f8.jpg
MC1506_b99173bc-9185-d947-9d507c987f00a4f8-large.jpg
MC1506_b99173bc-9185-d947-9d507c987f00a4f8-thumb.jpg
MC1506_b99251b7-0069-0fbd-ec32a1e6d0fa1005.jpg
MC1506_b99251b7-0069-0fbd-ec32a1e6d0fa1005-large.jpg
MC1506_b99251b7-0069-0fbd-ec32a1e6d0fa1005-thumb.jpg
MC1511_campsites0089_enhanced2008_240x169_80.jpg
MC1511_campsites0089_enhanced2008_240x169_80-large.jpg
MC1511_campsites0089_enhanced2008_240x169_80-thumb.jpg
MC1511_fitnessroom0035_enhanced2008_240x169_80.jpg
MC1511_fitnessroom0035_enhanced2008_240x169_80-large.jpg
MC1511_fitnessroom0035_enhanced2008_240x169_80-thumb.jpg
MC1511_minigolf0064_enhanced2008_240x169_80.jpg
MC1511_minigolf0064_enhanced2008_240x169_80-large.jpg
MC1511_minigolf0064_enhanced2008_240x169_80-thumb.jpg
MC1511_swimmingpoolofficeview0041_enhanced2008_240x169_80.jpg
MC1511_swimmingpoolofficeview0041_enhanced2008_240x169_80-large.jpg
MC1511_swimmingpoolofficeview0041_enhanced2008_240x169_80-thumb.jpg
MC1532_lake_front_camping.jpg
MC1532_lake_front_camping-large.jpg
MC1532_lake_front_camping-thumb.jpg
MC1532_pool.jpg
MC1532_pool-large.jpg
MC1532_pool-thumb.jpg
MC1532_rustic_cabin.jpg
MC1532_rustic_cabin-large.jpg
MC1532_rustic_cabin-thumb.jpg
MC1532_rv_site.jpg
MC1532_rv_site-large.jpg
MC1532_rv_site-thumb.jpg
MC1555_full_hookup.jpg
MC1555_full_hookup-large.jpg
MC1555_full_hookup-thumb.jpg
MC1555_great_views.jpg
MC1555_great_views-large.jpg
MC1555_great_views-thumb.jpg
MC1555_laundry_facilities.jpg
MC1555_laundry_facilities-large.jpg
MC1555_laundry_facilities-thumb.jpg
MC1555_swimming_pool.jpg
MC1555_swimming_pool-large.jpg
MC1555_swimming_pool-thumb.jpg
MC1557_99821032.jpg
MC1557_99821032-large.jpg
MC1557_99821032-thumb.jpg
MC1557_99822060.jpg
MC1557_99822060-large.jpg
MC1557_99822060-thumb.jpg
MC1557_rentials.jpg
MC1557_rentials-large.jpg
MC1557_rentials-thumb.jpg
MC1557_train_2.jpg
MC1557_train_2-large.jpg
MC1557_train_2-thumb.jpg
MC1561_logan_landing_004.jpg
MC1561_logan_landing_004-large.jpg
MC1561_logan_landing_004-thumb.jpg
MC1561_logan_landing_007.jpg
MC1561_logan_landing_007-large.jpg
MC1561_logan_landing_007-thumb.jpg
MC1561_logan_landing_012.jpg
MC1561_logan_landing_012-large.jpg
MC1561_logan_landing_012-thumb.jpg
MC1561_logan_landing_014.jpg
MC1561_logan_landing_014-large.jpg
MC1561_logan_landing_014-thumb.jpg
MC1571_1allseasonsfall1.jpg
MC1571_1allseasonsfall1-large.jpg
MC1571_1allseasonsfall1-thumb.jpg
MC1571_1beach.jpg
MC1571_1beach-large.jpg
MC1571_1beach-thumb.jpg
MC1571_camping_seasonal.jpg
MC1571_camping_seasonal-large.jpg
MC1571_camping_seasonal-thumb.jpg
MC1571_mainpage_lake.jpg
MC1571_mainpage_lake-large.jpg
MC1571_mainpage_lake-thumb.jpg
MC1576_giftshop-lg.jpg
MC1576_giftshop-lg-large.jpg
MC1576_giftshop-lg-thumb.jpg
MC1576_office_20006.jpg
MC1576_office_20006-large.jpg
MC1576_office_20006-thumb.jpg
MC1576_office_20010.jpg
MC1576_office_20010-large.jpg
MC1576_office_20010-thumb.jpg
MC1576_pool1-lg.jpg
MC1576_pool1-lg-large.jpg
MC1576_pool1-lg-thumb.jpg
MC1601_front.jpg
MC1601_front-large.jpg
MC1601_front-thumb.jpg
MC1601_parkfun1.jpg
MC1601_parkfun1-large.jpg
MC1601_parkfun1-thumb.jpg
MC1601_riding.jpg
MC1601_riding-large.jpg
MC1601_riding-thumb.jpg
MC1601_rvs.jpg
MC1601_rvs-large.jpg
MC1601_rvs-thumb.jpg
MC1617_50_20amps.jpg
MC1617_50_20amps-large.jpg
MC1617_50_20amps-thumb.jpg
MC1617_home3.jpg
MC1617_home3-large.jpg
MC1617_home3-thumb.jpg
MC1617_picnicarea.jpg
MC1617_picnicarea-large.jpg
MC1617_picnicarea-thumb.jpg
MC1617_quietatmosphere.jpg
MC1617_quietatmosphere-large.jpg
MC1617_quietatmosphere-thumb.jpg
MC1647_9nth_green.jpg
MC1647_9nth_green-large.jpg
MC1647_9nth_green-thumb.jpg
MC1647_ist_tee_by_stephanie_gonser.jpg
MC1647_ist_tee_by_stephanie_gonser-large.jpg
MC1647_ist_tee_by_stephanie_gonser-thumb.jpg
MC1647_pool_1_.jpg
MC1647_pool_1_-large.jpg
MC1647_pool_1_-thumb.jpg
MC1647_rv_site_by_stephanie_gonser.jpg
MC1647_rv_site_by_stephanie_gonser-large.jpg
MC1647_rv_site_by_stephanie_gonser-thumb.jpg
MC1665_boo_20boo_20and_20yogi_20__20savannah_20cabins.jpg
MC1665_boo_20boo_20and_20yogi_20__20savannah_20cabins-large.jpg
MC1665_boo_20boo_20and_20yogi_20__20savannah_20cabins-thumb.jpg
MC1665_yogi043.jpg
MC1665_yogi043-large.jpg
MC1665_yogi043-thumb.jpg
MC1665_yogi048.jpg
MC1665_yogi048-large.jpg
MC1665_yogi048-thumb.jpg
MC1665_yogi054.jpg
MC1665_yogi054-large.jpg
MC1665_yogi054-thumb.jpg
MC1675_campsite.jpg
MC1675_campsite-large.jpg
MC1675_campsite-thumb.jpg
MC1675_oneroomcabin.jpg
MC1675_oneroomcabin-large.jpg
MC1675_oneroomcabin-thumb.jpg
MC1675_pool.jpg
MC1675_pool-large.jpg
MC1675_pool-thumb.jpg
MC1675_rv_site.jpg
MC1675_rv_site-large.jpg
MC1675_rv_site-thumb.jpg
MC1681_pg_dscn0359.jpg
MC1681_pg_dscn0359-large.jpg
MC1681_pg_dscn0359-thumb.jpg
MC1681_pg_dscn0366.jpg
MC1681_pg_dscn0366-large.jpg
MC1681_pg_dscn0366-thumb.jpg
MC1681_pg_dscn0434.jpg
MC1681_pg_dscn0434-large.jpg
MC1681_pg_dscn0434-thumb.jpg
MC1681_wp_dscn0343.jpg
MC1681_wp_dscn0343-large.jpg
MC1681_wp_dscn0343-thumb.jpg
MC1696_1_yogi_friends.jpeg
MC1696_2_pool.jpeg
MC1696_3_waterpark.jpeg
MC1696_4_waterpark2.jpeg
MC1700_77-2.jpg
MC1700_77-2-large.jpg
MC1700_77-2-thumb.jpg
MC1700_77-3.jpg
MC1700_77-3-large.jpg
MC1700_77-3-thumb.jpg
MC1700_marion_camp_0171.jpg.jpg
MC1700_marion_camp_0171.jpg-large.jpg
MC1700_marion_camp_0171.jpg-thumb.jpg
MC1700_yogigreet.gif.jpg
MC1700_yogigreet.gif-large.jpg
MC1700_yogigreet.gif-thumb.jpg
MC1736_exterior.jpg
MC1736_exterior-large.jpg
MC1736_exterior-thumb.jpg
MC1736_petanqueat.jpg
MC1736_petanqueat-large.jpg
MC1736_petanqueat-thumb.jpg
MC1736_pool1.jpg
MC1736_pool1-large.jpg
MC1736_pool1-thumb.jpg
MC1736_pool2.jpg
MC1736_pool2-large.jpg
MC1736_pool2-thumb.jpg
MC1768_01.jpg
MC1768_01-large.jpg
MC1768_01-thumb.jpg
MC1768_02.jpg
MC1768_02-large.jpg
MC1768_02-thumb.jpg
MC1768_06.jpg
MC1768_06-large.jpg
MC1768_06-thumb.jpg
MC1768_cabin_soft2.jpg
MC1768_cabin_soft2-large.jpg
MC1768_cabin_soft2-thumb.jpg
MC1780_50-1.jpg
MC1780_50-1-large.jpg
MC1780_50-1-thumb.jpg
MC1780_50-2.jpg
MC1780_50-2-large.jpg
MC1780_50-2-thumb.jpg
MC1780_50-3.jpg
MC1780_50-3-large.jpg
MC1780_50-3-thumb.jpg
MC1780_50-4u.jpg
MC1780_50-4u-large.jpg
MC1780_50-4u-thumb.jpg
MC1781_boating.jpg
MC1781_boating-large.jpg
MC1781_boating-thumb.jpg
MC1781_fishing.jpg
MC1781_fishing-large.jpg
MC1781_fishing-thumb.jpg
MC1781_forest.jpg
MC1781_forest-large.jpg
MC1781_forest-thumb.jpg
MC1781_rafting.jpg
MC1781_rafting-large.jpg
MC1781_rafting-thumb.jpg
MC1787_s__beach_4.jpg
MC1787_s__beach_4-large.jpg
MC1787_s__beach_4-thumb.jpg
MC1787_s__campground_entrance.jpg
MC1787_s__campground_entrance-large.jpg
MC1787_s__campground_entrance-thumb.jpg
MC1787_s__gameroom.jpg
MC1787_s__gameroom-large.jpg
MC1787_s__gameroom-thumb.jpg
MC1787_s__playground.jpg
MC1787_s__playground-large.jpg
MC1787_s__playground-thumb.jpg
MC1805_01.jpg
MC1805_01-large.jpg
MC1805_01-thumb.jpg
MC1805_02.jpg
MC1805_02-large.jpg
MC1805_02-thumb.jpg
MC1805_03.jpg
MC1805_03-large.jpg
MC1805_03-thumb.jpg
MC1805_04.jpg
MC1805_04-large.jpg
MC1805_04-thumb.jpg
MC1822_rvl1.jpg
MC1822_rvl1-large.jpg
MC1822_rvl1-thumb.jpg
MC1822_rvl2.jpg
MC1822_rvl2-large.jpg
MC1822_rvl2-thumb.jpg
MC1822_rvl3.jpg
MC1822_rvl3-large.jpg
MC1822_rvl3-thumb.jpg
MC1822_rvl4.jpg
MC1822_rvl4-large.jpg
MC1822_rvl4-thumb.jpg
MC1869_chalk1.jpg
MC1869_chalk1-large.jpg
MC1869_chalk1-thumb.jpg
MC1869_chalk2.jpg
MC1869_chalk2-large.jpg
MC1869_chalk2-thumb.jpg
MC1869_chalk3.jpg
MC1869_chalk3-large.jpg
MC1869_chalk3-thumb.jpg
MC1869_chalk4.jpg
MC1869_chalk4-large.jpg
MC1869_chalk4-thumb.jpg
MC1870_01.jpg
MC1870_01-large.jpg
MC1870_01-thumb.jpg
MC1870_02.jpg
MC1870_02-large.jpg
MC1870_02-thumb.jpg
MC1870_03.jpg
MC1870_03-large.jpg
MC1870_03-thumb.jpg
MC1870_04.jpg
MC1870_04-large.jpg
MC1870_04-thumb.jpg
MC1871_1_183112-r1-02-22a.gif
MC1871_2_183112-r1-07-17a.gif
MC1871_3_183112-r1-13-11a.gif
MC1872_arialpool.jpg
MC1872_arialpool-large.jpg
MC1872_arialpool-thumb.jpg
MC1872_campingcabin2.jpg
MC1872_campingcabin2-large.jpg
MC1872_campingcabin2-thumb.jpg
MC1872_sitepic3.jpg
MC1872_sitepic3-large.jpg
MC1872_sitepic3-thumb.jpg
MC1872_snowpic.jpg
MC1872_snowpic-large.jpg
MC1872_snowpic-thumb.jpg
MC1874_cabin.jpg
MC1874_cabin-large.jpg
MC1874_cabin-thumb.jpg
MC1874_entrance.jpg
MC1874_entrance-large.jpg
MC1874_entrance-thumb.jpg
MC1874_pullthru.jpg
MC1874_pullthru-large.jpg
MC1874_pullthru-thumb.jpg
MC1874_tentsites.jpg
MC1874_tentsites-large.jpg
MC1874_tentsites-thumb.jpg
MC1875_bathhouse.jpg
MC1875_bathhouse-large.jpg
MC1875_bathhouse-thumb.jpg
MC1875_gameroom.jpg
MC1875_gameroom-large.jpg
MC1875_gameroom-thumb.jpg
MC1875_pool.jpg
MC1875_pool-large.jpg
MC1875_pool-thumb.jpg
MC1875_powerhouse.jpg
MC1875_powerhouse-large.jpg
MC1875_powerhouse-thumb.jpg
MC1892_01.jpg
MC1892_01-large.jpg
MC1892_01-thumb.jpg
MC1892_02.jpg
MC1892_02-large.jpg
MC1892_02-thumb.jpg
MC1892_03.jpg
MC1892_03-large.jpg
MC1892_03-thumb.jpg
MC1892_04.jpg
MC1892_04-large.jpg
MC1892_04-thumb.jpg
MC1896_2007-pic-85d_cabin.jpg
MC1896_2007-pic-85d_cabin-large.jpg
MC1896_2007-pic-85d_cabin-thumb.jpg
MC1896_5-1.jpg
MC1896_5-1-large.jpg
MC1896_5-1-thumb.jpg
MC1896_5-2.jpg
MC1896_5-2-large.jpg
MC1896_5-2-thumb.jpg
MC1896_5-3.jpg
MC1896_5-3-large.jpg
MC1896_5-3-thumb.jpg
MC1900_photo4.jpg
MC1900_photo4-large.jpg
MC1900_photo4-thumb.jpg
MC1900_photo5.jpg
MC1900_photo5-large.jpg
MC1900_photo5-thumb.jpg
MC1900_photo7.jpg
MC1900_photo7-large.jpg
MC1900_photo7-thumb.jpg
MC1900_tentsonlake.jpg
MC1900_tentsonlake-large.jpg
MC1900_tentsonlake-thumb.jpg
MC1914_07_20_20front_20entrance.jpg
MC1914_07_20_20front_20entrance-large.jpg
MC1914_07_20_20front_20entrance-thumb.jpg
MC1914_2007_20season_20020.jpg
MC1914_2007_20season_20020-large.jpg
MC1914_2007_20season_20020-thumb.jpg
MC1914_lazy-j-050904-021.jpg
MC1914_lazy-j-050904-021-large.jpg
MC1914_lazy-j-050904-021-thumb.jpg
MC1914_lazy-j-august-04-001.jpg
MC1914_lazy-j-august-04-001-large.jpg
MC1914_lazy-j-august-04-001-thumb.jpg
MC1916_1_logo_2.gif
MC1920_fire_pit.jpg
MC1920_fire_pit-large.jpg
MC1920_fire_pit-thumb.jpg
MC1920_lodge_lounge.jpg
MC1920_lodge_lounge-large.jpg
MC1920_lodge_lounge-thumb.jpg
MC1920_pool.jpg
MC1920_pool-large.jpg
MC1920_pool-thumb.jpg
MC1920_tent_cabins.jpg
MC1920_tent_cabins-large.jpg
MC1920_tent_cabins-thumb.jpg
MC1927_100_0594.jpg
MC1927_100_0594-large.jpg
MC1927_100_0594-thumb.jpg
MC1927_bridge.jpg
MC1927_bridge-large.jpg
MC1927_bridge-thumb.jpg
MC1927_parkfrm.jpg
MC1927_parkfrm-large.jpg
MC1927_parkfrm-thumb.jpg
MC1927_park_river_pic.jpg
MC1927_park_river_pic-large.jpg
MC1927_park_river_pic-thumb.jpg
MC1938_a4273da2-d731-dc6a-ca670620a0b4197d.jpg
MC1938_a4273da2-d731-dc6a-ca670620a0b4197d-large.jpg
MC1938_a4273da2-d731-dc6a-ca670620a0b4197d-thumb.jpg
MC1938_a427d145-b93d-ba85-14fd45c9b0188a6f.jpg
MC1938_a427d145-b93d-ba85-14fd45c9b0188a6f-large.jpg
MC1938_a427d145-b93d-ba85-14fd45c9b0188a6f-thumb.jpg
MC1938_a428b583-d485-46cd-ca7dc04bba2e2ce1.jpg
MC1938_a428b583-d485-46cd-ca7dc04bba2e2ce1-large.jpg
MC1938_a428b583-d485-46cd-ca7dc04bba2e2ce1-thumb.jpg
MC1938_a428f63a-a51b-ca92-737f20e87d25741d.jpg
MC1938_a428f63a-a51b-ca92-737f20e87d25741d-large.jpg
MC1938_a428f63a-a51b-ca92-737f20e87d25741d-thumb.jpg
MC1944_587ba5d2-0dd1-e19e-fde22371ef69a5c5.jpg
MC1944_587ba5d2-0dd1-e19e-fde22371ef69a5c5-large.jpg
MC1944_587ba5d2-0dd1-e19e-fde22371ef69a5c5-thumb.jpg
MC1944_625858e3-98a3-4723-4a293a1262b84182.jpg
MC1944_625858e3-98a3-4723-4a293a1262b84182-large.jpg
MC1944_625858e3-98a3-4723-4a293a1262b84182-thumb.jpg
MC1944_a41e9757-c6d7-a9fd-43c7dade1adc2c10.jpg
MC1944_a41e9757-c6d7-a9fd-43c7dade1adc2c10-large.jpg
MC1944_a41e9757-c6d7-a9fd-43c7dade1adc2c10-thumb.jpg
MC1944_c85a26cc-e40c-ffd2-92392c79e93fd771.jpg
MC1944_c85a26cc-e40c-ffd2-92392c79e93fd771-large.jpg
MC1944_c85a26cc-e40c-ffd2-92392c79e93fd771-thumb.jpg
MC1949_activities3_sm.jpg
MC1949_activities3_sm-large.jpg
MC1949_activities3_sm-thumb.jpg
MC1949_home2_sm.jpg
MC1949_home2_sm-large.jpg
MC1949_home2_sm-thumb.jpg
MC1949_home3_sm.jpg
MC1949_home3_sm-large.jpg
MC1949_home3_sm-thumb.jpg
MC1949_home4_sm.jpg
MC1949_home4_sm-large.jpg
MC1949_home4_sm-thumb.jpg
MC1953_amenities2.jpg
MC1953_amenities2-large.jpg
MC1953_amenities2-thumb.jpg
MC1953_homepagegiftshop.jpg
MC1953_homepagegiftshop-large.jpg
MC1953_homepagegiftshop-thumb.jpg
MC1953_homepagerv.jpg
MC1953_homepagerv-large.jpg
MC1953_homepagerv-thumb.jpg
MC1953_rates.jpg
MC1953_rates-large.jpg
MC1953_rates-thumb.jpg
MC1962_a808ca27-d5dc-f0f4-c9ff6fbddea907c4.jpg
MC1962_a808ca27-d5dc-f0f4-c9ff6fbddea907c4-large.jpg
MC1962_a808ca27-d5dc-f0f4-c9ff6fbddea907c4-thumb.jpg
MC1962_a809caef-cb62-8ee7-e7bf348832374ad2.jpg
MC1962_a809caef-cb62-8ee7-e7bf348832374ad2-large.jpg
MC1962_a809caef-cb62-8ee7-e7bf348832374ad2-thumb.jpg
MC1962_a80a1084-e5d3-07be-479e3230a9c64cd6.jpg
MC1962_a80a1084-e5d3-07be-479e3230a9c64cd6-large.jpg
MC1962_a80a1084-e5d3-07be-479e3230a9c64cd6-thumb.jpg
MC1962_a80a62fe-911c-4cb7-e118a44e14225c4e.jpg
MC1962_a80a62fe-911c-4cb7-e118a44e14225c4e-large.jpg
MC1962_a80a62fe-911c-4cb7-e118a44e14225c4e-thumb.jpg
MC1963_cabins_laundry.jpg
MC1963_cabins_laundry-large.jpg
MC1963_cabins_laundry-thumb.jpg
MC1963_mini_golf.jpg
MC1963_mini_golf-large.jpg
MC1963_mini_golf-thumb.jpg
MC1963_new_western_hills_sml.jpg
MC1963_new_western_hills_sml-large.jpg
MC1963_new_western_hills_sml-thumb.jpg
MC1964_cabin_1.jpg
MC1964_cabin_1-large.jpg
MC1964_cabin_1-thumb.jpg
MC1964_exterior_cottage_2.jpg
MC1964_exterior_cottage_2-large.jpg
MC1964_exterior_cottage_2-thumb.jpg
MC1964_photo_pool01.jpg
MC1964_photo_pool01-large.jpg
MC1964_photo_pool01-thumb.jpg
MC1964_photo_rv01.jpg
MC1964_photo_rv01-large.jpg
MC1964_photo_rv01-thumb.jpg
MC1965_photo_laundry01.jpg
MC1965_photo_laundry01-large.jpg
MC1965_photo_laundry01-thumb.jpg
MC1965_photo_pool01.jpg
MC1965_photo_pool01-large.jpg
MC1965_photo_pool01-thumb.jpg
MC1965_photo_sites01.jpg
MC1965_photo_sites01-large.jpg
MC1965_photo_sites01-thumb.jpg
MC1965_photo_sites03.jpg
MC1965_photo_sites03-large.jpg
MC1965_photo_sites03-thumb.jpg
MC1970_campground_8.jpg
MC1970_campground_8-large.jpg
MC1970_campground_8-thumb.jpg
MC1970_familyweb.jpg
MC1970_familyweb-large.jpg
MC1970_familyweb-thumb.jpg
MC1970_pool_small.jpg
MC1970_pool_small-large.jpg
MC1970_pool_small-thumb.jpg
MC1970_porchweb2.jpg
MC1970_porchweb2-large.jpg
MC1970_porchweb2-thumb.jpg
MC1974_elapool.jpg
MC1974_elapool-large.jpg
MC1974_elapool-thumb.jpg
MC1974_elaweb-campground_05.jpg
MC1974_elaweb-campground_05-large.jpg
MC1974_elaweb-campground_05-thumb.jpg
MC1974_elaweb-campground_07.jpg
MC1974_elaweb-campground_07-large.jpg
MC1974_elaweb-campground_07-thumb.jpg
MC1988_cabin2008.jpg
MC1988_cabin2008-large.jpg
MC1988_cabin2008-thumb.jpg
MC1988_seasonalsite2b.jpg
MC1988_seasonalsite2b-large.jpg
MC1988_seasonalsite2b-thumb.jpg
MC1988_tents3.jpg
MC1988_tents3-large.jpg
MC1988_tents3-thumb.jpg
MC1988_tubers2.jpg
MC1988_tubers2-large.jpg
MC1988_tubers2-thumb.jpg
MC1993_hickory_ridge_rv_041.jpg
MC1993_hickory_ridge_rv_041-large.jpg
MC1993_hickory_ridge_rv_041-thumb.jpg
MC1993_hickory-ridge-rv-054.jpg
MC1993_hickory-ridge-rv-054-large.jpg
MC1993_hickory-ridge-rv-054-thumb.jpg
MC1993_hickory_ridge_rv_055.jpg
MC1993_hickory_ridge_rv_055-large.jpg
MC1993_hickory_ridge_rv_055-thumb.jpg
MC1993_hickory-ridge-rv-068.jpg
MC1993_hickory-ridge-rv-068-large.jpg
MC1993_hickory-ridge-rv-068-thumb.jpg
MC1994_01.jpg
MC1994_01-large.jpg
MC1994_01-thumb.jpg
MC1994_02.jpg
MC1994_02-large.jpg
MC1994_02-thumb.jpg
MC1994_03.jpg
MC1994_03-large.jpg
MC1994_03-thumb.jpg
MC1994_04.jpg
MC1994_04-large.jpg
MC1994_04-thumb.jpg
MC1995_park.jpg
MC1995_park-large.jpg
MC1995_park-thumb.jpg
MC1995_rv_sites.jpg
MC1995_rv_sites-large.jpg
MC1995_rv_sites-thumb.jpg
MC1995_waterpark2.jpg
MC1995_waterpark2-large.jpg
MC1995_waterpark2-thumb.jpg
MC1995_yogi___kids.jpg
MC1995_yogi___kids-large.jpg
MC1995_yogi___kids-thumb.jpg
MC2006_06_0111.jpg
MC2006_06_0111-large.jpg
MC2006_06_0111-thumb.jpg
MC2006_06_0112.jpg
MC2006_06_0112-large.jpg
MC2006_06_0112-thumb.jpg
MC2006_06_0113.jpg
MC2006_06_0113-large.jpg
MC2006_06_0113-thumb.jpg
MC2006_06_0114.jpg
MC2006_06_0114-large.jpg
MC2006_06_0114-thumb.jpg
MC2007_apr_06_17.jpg
MC2007_apr_06_17-large.jpg
MC2007_apr_06_17-thumb.jpg
MC2007_apr_06_19.jpg
MC2007_apr_06_19-large.jpg
MC2007_apr_06_19-thumb.jpg
MC2007_apr_06_2.jpg
MC2007_apr_06_2-large.jpg
MC2007_apr_06_2-thumb.jpg
MC2007_may_06_4_sm.jpg
MC2007_may_06_4_sm-large.jpg
MC2007_may_06_4_sm-thumb.jpg
MC2015_0425facc-b8fd-853c-ea8541a176e35686.jpg
MC2015_0425facc-b8fd-853c-ea8541a176e35686-large.jpg
MC2015_0425facc-b8fd-853c-ea8541a176e35686-thumb.jpg
MC2015_132ac479-d117-d73e-698a06fabfb4366c.jpg
MC2015_132ac479-d117-d73e-698a06fabfb4366c-large.jpg
MC2015_132ac479-d117-d73e-698a06fabfb4366c-thumb.jpg
MC2015_132e3858-c74c-0cb1-e992f50ee8f253d3.jpg
MC2015_132e3858-c74c-0cb1-e992f50ee8f253d3-large.jpg
MC2015_132e3858-c74c-0cb1-e992f50ee8f253d3-thumb.jpg
MC2015_1330d7bb-ff75-70bc-6e7c4bbca671a0d2.jpg
MC2015_1330d7bb-ff75-70bc-6e7c4bbca671a0d2-large.jpg
MC2015_1330d7bb-ff75-70bc-6e7c4bbca671a0d2-thumb.jpg
MC2016_2005_03.jpg
MC2016_2005_03-large.jpg
MC2016_2005_03-thumb.jpg
MC2016_bike-110.jpg
MC2016_bike-110-large.jpg
MC2016_bike-110-thumb.jpg
MC2016_miscell-089.jpg
MC2016_miscell-089-large.jpg
MC2016_miscell-089-thumb.jpg
MC2016_miscell-202.jpg
MC2016_miscell-202-large.jpg
MC2016_miscell-202-thumb.jpg
MC2017_activities3.jpg
MC2017_activities3-large.jpg
MC2017_activities3-thumb.jpg
MC2017_facilities2.jpg
MC2017_facilities2-large.jpg
MC2017_facilities2-thumb.jpg
MC2017_home2.jpg
MC2017_home2-large.jpg
MC2017_home2-thumb.jpg
MC2017_home4.jpg
MC2017_home4-large.jpg
MC2017_home4-thumb.jpg
MC2022_exterior.jpg
MC2022_exterior-large.jpg
MC2022_exterior-thumb.jpg
MC2022_lake.jpg
MC2022_lake-large.jpg
MC2022_lake-thumb.jpg
MC2023_000_0344_sm.jpg
MC2023_000_0344_sm-large.jpg
MC2023_000_0344_sm-thumb.jpg
MC2023_golf_carts_sm.jpg
MC2023_golf_carts_sm-large.jpg
MC2023_golf_carts_sm-thumb.jpg
MC2023_lakeside_1.jpg
MC2023_lakeside_1-large.jpg
MC2023_lakeside_1-thumb.jpg
MC2023_store-fall-photo--best_sm.jpg
MC2023_store-fall-photo--best_sm-large.jpg
MC2023_store-fall-photo--best_sm-thumb.jpg
MC2024_80-1.jpg
MC2024_80-1-large.jpg
MC2024_80-1-thumb.jpg
MC2024_80-2.jpg
MC2024_80-2-large.jpg
MC2024_80-2-thumb.jpg
MC2024_80-3.jpg
MC2024_80-3-large.jpg
MC2024_80-3-thumb.jpg
MC2024_rental1.jpg
MC2024_rental1-large.jpg
MC2024_rental1-thumb.jpg
MC2029_rvresort.jpg
MC2029_rvresort-large.jpg
MC2029_rvresort-thumb.jpg
MC2041_feb_08_10.jpg
MC2041_feb_08_10-large.jpg
MC2041_feb_08_10-thumb.jpg
MC2041_feb_08_2.jpg
MC2041_feb_08_2-large.jpg
MC2041_feb_08_2-thumb.jpg
MC2041_im004020.jpg
MC2041_im004020-large.jpg
MC2041_im004020-thumb.jpg
MC2041_mar_06_14.jpg
MC2041_mar_06_14-large.jpg
MC2041_mar_06_14-thumb.jpg
MC2042_fishing_1_sm.jpg
MC2042_fishing_1_sm-large.jpg
MC2042_fishing_1_sm-thumb.jpg
MC2042_lakerdigegolf.jpg
MC2042_lakerdigegolf-large.jpg
MC2042_lakerdigegolf-thumb.jpg
MC2042_lakeridgepool.jpg
MC2042_lakeridgepool-large.jpg
MC2042_lakeridgepool-thumb.jpg
MC2042_lakeridgeside.jpg
MC2042_lakeridgeside-large.jpg
MC2042_lakeridgeside-thumb.jpg
MC2043_dscn0312.jpg
MC2043_dscn0312-large.jpg
MC2043_dscn0312-thumb.jpg
MC2043_dscn0375.jpg
MC2043_dscn0375-large.jpg
MC2043_dscn0375-thumb.jpg
MC2043_image441.jpg
MC2043_image441-large.jpg
MC2043_image441-thumb.jpg
MC2043_image447.jpg
MC2043_image447-large.jpg
MC2043_image447-thumb.jpg
MC2044_06_airstream2.jpg
MC2044_06_airstream2-large.jpg
MC2044_06_airstream2-thumb.jpg
MC2044_06_airstream4.jpg
MC2044_06_airstream4-large.jpg
MC2044_06_airstream4-thumb.jpg
MC2044_06_breakfast5.jpg
MC2044_06_breakfast5-large.jpg
MC2044_06_breakfast5-thumb.jpg
MC2044_club_front.jpg
MC2044_club_front-large.jpg
MC2044_club_front-thumb.jpg
MC2046_6aimg_0309workingon.jpg
MC2046_6aimg_0309workingon-large.jpg
MC2046_6aimg_0309workingon-thumb.jpg
MC2046_7aimg_0295.jpg
MC2046_7aimg_0295-large.jpg
MC2046_7aimg_0295-thumb.jpg
MC2046_img_2486adjustedincorelx2.jpg
MC2046_img_2486adjustedincorelx2-large.jpg
MC2046_img_2486adjustedincorelx2-thumb.jpg
MC2046_winter09playgroundjpegimg_2766.jpg
MC2046_winter09playgroundjpegimg_2766-large.jpg
MC2046_winter09playgroundjpegimg_2766-thumb.jpg
MC2054_2_20cabin.jpg
MC2054_2_20cabin-large.jpg
MC2054_2_20cabin-thumb.jpg
MC2054_23-5thwheel.jpg
MC2054_23-5thwheel-large.jpg
MC2054_23-5thwheel-thumb.jpg
MC2054_playground.jpg
MC2054_playground-large.jpg
MC2054_playground-thumb.jpg
MC2054_pool.jpg
MC2054_pool-large.jpg
MC2054_pool-thumb.jpg
MC2063_activities1.jpg
MC2063_activities1-large.jpg
MC2063_activities1-thumb.jpg
MC2063_facilities3.jpg
MC2063_facilities3-large.jpg
MC2063_facilities3-thumb.jpg
MC2063_home2.jpg
MC2063_home2-large.jpg
MC2063_home2-thumb.jpg
MC2063_laundry.jpg
MC2063_laundry-large.jpg
MC2063_laundry-thumb.jpg
MC2078_cabin_exterior.jpg
MC2078_cabin_exterior-large.jpg
MC2078_cabin_exterior-thumb.jpg
MC2078_cabin_interior1.jpg
MC2078_cabin_interior1-large.jpg
MC2078_cabin_interior1-thumb.jpg
MC2078_cabin_interior2.jpg
MC2078_cabin_interior2-large.jpg
MC2078_cabin_interior2-thumb.jpg
MC2080_1_mainpark.png
MC2080_2_marina.png
MC2080_3_maingas.png
MC2080_4_camppic1.png
MC2088_campfire.jpg
MC2088_campfire-large.jpg
MC2088_campfire-thumb.jpg
MC2088_great_room_at_night.jpg
MC2088_great_room_at_night-large.jpg
MC2088_great_room_at_night-thumb.jpg
MC2088_motorhomes.jpg
MC2088_motorhomes-large.jpg
MC2088_motorhomes-thumb.jpg
MC2088_pool.jpg
MC2088_pool-large.jpg
MC2088_pool-thumb.jpg
MC2094_plstaff.jpg
MC2094_plstaff-large.jpg
MC2094_plstaff-thumb.jpg
MC2096_climbing.jpg
MC2096_climbing-large.jpg
MC2096_climbing-thumb.jpg
MC2096_lodge2.jpg
MC2096_lodge2-large.jpg
MC2096_lodge2-thumb.jpg
MC2096_waterpark.jpg
MC2096_waterpark-large.jpg
MC2096_waterpark-thumb.jpg
MC2096_waterslide.jpg
MC2096_waterslide-large.jpg
MC2096_waterslide-thumb.jpg
MC2097_100_1223.jpg
MC2097_100_1223-large.jpg
MC2097_100_1223-thumb.jpg
MC2097_100_1326.jpg
MC2097_100_1326-large.jpg
MC2097_100_1326-thumb.jpg
MC2097_class_a_lots.jpg
MC2097_class_a_lots-large.jpg
MC2097_class_a_lots-thumb.jpg
MC2097_prevost3.jpg
MC2097_prevost3-large.jpg
MC2097_prevost3-thumb.jpg
MC2105_lake_lanier_1_-_entrance.jpg
MC2105_lake_lanier_1_-_entrance-large.jpg
MC2105_lake_lanier_1_-_entrance-thumb.jpg
MC2105_lake_lanier_2_-_lake_1.jpg
MC2105_lake_lanier_2_-_lake_1-large.jpg
MC2105_lake_lanier_2_-_lake_1-thumb.jpg
MC2105_lake_lanier_3_-_deer.jpg
MC2105_lake_lanier_3_-_deer-large.jpg
MC2105_lake_lanier_3_-_deer-thumb.jpg
MC2105_lake_lanier_4_-_lake_2.jpg
MC2105_lake_lanier_4_-_lake_2-large.jpg
MC2105_lake_lanier_4_-_lake_2-thumb.jpg
MC2119_1_camping.gif
MC2119_3_boating.gif
MC2119_4_pool.gif
MC2119_lakesidecabins.jpg
MC2119_lakesidecabins-large.jpg
MC2119_lakesidecabins-thumb.jpg
MC2121_logan1.jpg
MC2121_logan1-large.jpg
MC2121_logan1-thumb.jpg
MC2121_logan2.jpg
MC2121_logan2-large.jpg
MC2121_logan2-thumb.jpg
MC2121_logan3.jpg
MC2121_logan3-large.jpg
MC2121_logan3-thumb.jpg
MC2121_logan4.jpg
MC2121_logan4-large.jpg
MC2121_logan4-thumb.jpg
MC2122_hee_hee_1_-_guest_club_house.jpg
MC2122_hee_hee_1_-_guest_club_house-large.jpg
MC2122_hee_hee_1_-_guest_club_house-thumb.jpg
MC2122_hee_hee_2_-_rv_sites.jpg
MC2122_hee_hee_2_-_rv_sites-large.jpg
MC2122_hee_hee_2_-_rv_sites-thumb.jpg
MC2122_hee_hee_3_-_jacuzzi.jpg
MC2122_hee_hee_3_-_jacuzzi-large.jpg
MC2122_hee_hee_3_-_jacuzzi-thumb.jpg
MC2122_hee_hee_4_-_heated_gazebo___pool.jpg
MC2122_hee_hee_4_-_heated_gazebo___pool-large.jpg
MC2122_hee_hee_4_-_heated_gazebo___pool-thumb.jpg
MC2124_pool1.jpg
MC2124_pool1-large.jpg
MC2124_pool1-thumb.jpg
MC2124_pool2.jpg
MC2124_pool2-large.jpg
MC2124_pool2-thumb.jpg
MC2124_rvsunset.jpg
MC2124_rvsunset-large.jpg
MC2124_rvsunset-thumb.jpg
MC2124_woodedcabin_000.jpg
MC2124_woodedcabin_000-large.jpg
MC2124_woodedcabin_000-thumb.jpg
MC2137_beach.jpg
MC2137_beach-large.jpg
MC2137_beach-thumb.jpg
MC2137_park1.jpg
MC2137_park1-large.jpg
MC2137_park1-thumb.jpg
MC2137_park2.jpg
MC2137_park2-large.jpg
MC2137_park2-thumb.jpg
MC2137_pool.jpg
MC2137_pool-large.jpg
MC2137_pool-thumb.jpg
MC2139_catherines_2.jpg
MC2139_catherines_2-large.jpg
MC2139_catherines_2-thumb.jpg
MC2139_catherines_3.jpg
MC2139_catherines_3-large.jpg
MC2139_catherines_3-thumb.jpg
MC2139_catherines_4.jpg
MC2139_catherines_4-large.jpg
MC2139_catherines_4-thumb.jpg
MC2139_catherines_5.jpg
MC2139_catherines_5-large.jpg
MC2139_catherines_5-thumb.jpg
MC2144_activities_main.jpg
MC2144_activities_main-large.jpg
MC2144_activities_main-thumb.jpg
MC2144_fishing_main.jpg
MC2144_fishing_main-large.jpg
MC2144_fishing_main-thumb.jpg
MC2144_hebgen_main_photo.jpg
MC2144_hebgen_main_photo-large.jpg
MC2144_hebgen_main_photo-thumb.jpg
MC2144_marina_main.jpg
MC2144_marina_main-large.jpg
MC2144_marina_main-thumb.jpg
MC2145_rustic_01.jpg
MC2145_rustic_01-large.jpg
MC2145_rustic_01-thumb.jpg
MC2145_rustic_02.jpg
MC2145_rustic_02-large.jpg
MC2145_rustic_02-thumb.jpg
MC2145_rustic_03.jpg
MC2145_rustic_03-large.jpg
MC2145_rustic_03-thumb.jpg
MC2145_rustic_05.jpg
MC2145_rustic_05-large.jpg
MC2145_rustic_05-thumb.jpg
MC2150_campground1.jpg
MC2150_campground1-large.jpg
MC2150_campground1-thumb.jpg
MC2150_concrete_pads.jpg
MC2150_concrete_pads-large.jpg
MC2150_concrete_pads-thumb.jpg
MC2150_pool.jpg
MC2150_pool-large.jpg
MC2150_pool-thumb.jpg
MC2150_sleepaccom.jpg
MC2150_sleepaccom-large.jpg
MC2150_sleepaccom-thumb.jpg
MC2151_deer.jpg
MC2151_deer-large.jpg
MC2151_deer-thumb.jpg
MC2151_entertainment.jpg
MC2151_entertainment-large.jpg
MC2151_entertainment-thumb.jpg
MC2151_trailers.jpg
MC2151_trailers-large.jpg
MC2151_trailers-thumb.jpg
MC2151_yogi_kids.jpg
MC2151_yogi_kids-large.jpg
MC2151_yogi_kids-thumb.jpg
MC2153_cabin.jpg
MC2153_cabin-large.jpg
MC2153_cabin-thumb.jpg
MC2153_camper.jpg
MC2153_camper-large.jpg
MC2153_camper-thumb.jpg
MC2153_homesign.jpg
MC2153_homesign-large.jpg
MC2153_homesign-thumb.jpg
MC2153_tentarea.jpg
MC2153_tentarea-large.jpg
MC2153_tentarea-thumb.jpg
MC2160_cabins.jpg.jpg
MC2160_cabins.jpg-large.jpg
MC2160_cabins.jpg-thumb.jpg
MC2160_rv.jpg
MC2160_rv-large.jpg
MC2160_rvsites2.jpg
MC2160_rvsites2-large.jpg
MC2160_rvsites2-thumb.jpg
MC2160_rv-thumb.jpg
MC2160_tentsite.jpg
MC2160_tentsite-large.jpg
MC2160_tentsite-thumb.jpg
MC2172_cottage_01.jpg
MC2172_cottage_01-large.jpg
MC2172_cottage_01-thumb.jpg
MC2172_cottage_02.jpg
MC2172_cottage_02-large.jpg
MC2172_cottage_02-thumb.jpg
MC2172_cottage_03.jpg
MC2172_cottage_03-large.jpg
MC2172_cottage_03-thumb.jpg
MCU104_lakeview1.jpg
MCU104_lakeview1-large.jpg
MCU104_lakeview1-thumb.jpg
MCU104_office_201_1a.jpg
MCU104_office_201_1a-large.jpg
MCU104_office_201_1a-thumb.jpg
MCU104_pool_203_1a.jpg
MCU104_pool_203_1a-large.jpg
MCU104_pool_203_1a-thumb.jpg
MCU104_rv10.jpg
MCU104_rv10-large.jpg
MCU104_rv10-thumb.jpg
MCU114_1_pkp-scbpier1.gif
MCU114_3_scb-campsite.gif
MCU114_4_scb-eagleridge.gif
MCU114_scb-boatlaunch.jpg
MCU114_scb-boatlaunch-large.jpg
MCU114_scb-boatlaunch-thumb.jpg
MCU118_3_lep-south.gif
MCU118_lep-beach-umbrella.jpg
MCU118_lep-beach-umbrella-large.jpg
MCU118_lep-beach-umbrella-thumb.jpg
MCU118_lep-groupcamp.jpg
MCU118_lep-groupcamp-large.jpg
MCU118_lep-groupcamp-thumb.jpg
MCU129_boatlaunch.jpg
MCU129_boatlaunch-large.jpg
MCU129_boatlaunch-thumb.jpg
MCU129_cottage.jpg
MCU129_cottage-large.jpg
MCU129_cottage-thumb.jpg
MCU129_cottageview.jpg
MCU129_cottageview-large.jpg
MCU129_cottageview-thumb.jpg
MCU129_rentaltrailer.jpg
MCU129_rentaltrailer-large.jpg
MCU129_rentaltrailer-thumb.jpg
MCU134_36.jpg
MCU134_36-large.jpg
MCU134_36-thumb.jpg
MCU134_56.jpg
MCU134_56-large.jpg
MCU134_56-thumb.jpg
MCU134_59-1.jpg
MCU134_59-1-large.jpg
MCU134_59-1-thumb.jpg
MCU134_yogi002.jpg
MCU134_yogi002-large.jpg
MCU134_yogi002-thumb.jpg
MCU140_bigrig.jpg
MCU140_bigrig-large.jpg
MCU140_bigrig-thumb.jpg
MCU140_camper.jpg
MCU140_camper-large.jpg
MCU140_camper-thumb.jpg
MCU140_patio.jpg
MCU140_patio-large.jpg
MCU140_patio-thumb.jpg
MCU140_pool.jpg
MCU140_pool-large.jpg
MCU140_pool-thumb.jpg
MCU167_gazebo.jpg
MCU167_gazebo-large.jpg
MCU167_gazebo-thumb.jpg
MCU167_llanoaerial2006.jpg
MCU167_llanoaerial2006-large.jpg
MCU167_llanoaerial2006-thumb.jpg
MCU167_pic3.jpg
MCU167_pic3-large.jpg
MCU167_pic3-thumb.jpg
MCU167_pic5.jpg
MCU167_pic5-large.jpg
MCU167_pic5-thumb.jpg
MCU326_officeswing.jpg
MCU326_officeswing-large.jpg
MCU326_officeswing-thumb.jpg
MCU326_picnicarea600.jpg
MCU326_picnicarea600-large.jpg
MCU326_picnicarea600-thumb.jpg
MCU326_pool.jpg
MCU326_pool-large.jpg
MCU326_pool-thumb.jpg
MCU326_rvroadway600.jpg
MCU326_rvroadway600-large.jpg
MCU326_rvroadway600-thumb.jpg
MCU333_campground_20-_20family_20in_20pool_md.jpg
MCU333_campground_20-_20family_20in_20pool_md-large.jpg
MCU333_campground_20-_20family_20in_20pool_md-thumb.jpg
MCU333_campground_20-_20hayride_md.jpg
MCU333_campground_20-_20hayride_md-large.jpg
MCU333_campground_20-_20hayride_md-thumb.jpg
MCU333_family_20at_20table_20_361__md.jpg
MCU333_family_20at_20table_20_361__md-large.jpg
MCU333_family_20at_20table_20_361__md-thumb.jpg
MCU368_cabins.jpg
MCU368_cabins-large.jpg
MCU368_cabins-thumb.jpg
MCU368_host_camper.jpg
MCU368_host_camper-large.jpg
MCU368_host_camper-thumb.jpg
MCU368_lake.jpg
MCU368_lake-large.jpg
MCU368_lake-thumb.jpg
MCU368_rv_site.jpg
MCU368_rv_site-large.jpg
MCU368_rv_site-thumb.jpg
MCU389_coveredbridge1lg.jpg
MCU389_coveredbridge1lg-large.jpg
MCU389_coveredbridge1lg-thumb.jpg
MCU389_pond2lg.jpg
MCU389_pond2lg-large.jpg
MCU389_pond2lg-thumb.jpg
MCU389_pool1lg.jpg
MCU389_pool1lg-large.jpg
MCU389_pool1lg-thumb.jpg
MCU389_primitive2lg.jpg
MCU389_primitive2lg-large.jpg
MCU389_primitive2lg-thumb.jpg
MCU400_cabin.jpg
MCU400_cabin-large.jpg
MCU400_cabin-thumb.jpg
MCU400_greatroom.jpg
MCU400_greatroom-large.jpg
MCU400_greatroom-thumb.jpg
MCU400_motorhome.jpg
MCU400_motorhome-large.jpg
MCU400_motorhome-thumb.jpg
MCU400_welcome.jpg
MCU400_welcome-large.jpg
MCU400_welcome-thumb.jpg
MCU407_hh_001.jpg
MCU407_hh_001-large.jpg
MCU407_hh_001-thumb.jpg
MCU407_hh_002.jpg
MCU407_hh_002-large.jpg
MCU407_hh_002-thumb.jpg
MCU407_hh_003.jpg
MCU407_hh_003-large.jpg
MCU407_hh_003-thumb.jpg
MCU407_hh_004.jpg
MCU407_hh_004-large.jpg
MCU407_hh_004-thumb.jpg
MCU424_cowtown-pool.jpg
MCU424_cowtown-pool-large.jpg
MCU424_cowtown-pool-thumb.jpg
MCU424_cowtown-rv-site.jpg
MCU424_cowtown-rv-site-large.jpg
MCU424_cowtown-rv-site-thumb.jpg
MCU424_cowtown-sign.jpg
MCU424_cowtown-sign-large.jpg
MCU424_cowtown-sign-thumb.jpg
MCU424_cowtown-store.jpg
MCU424_cowtown-store-large.jpg
MCU424_cowtown-store-thumb.jpg
MCU478_dsc03591.jpg
MCU478_dsc03591-large.jpg
MCU478_dsc03591-thumb.jpg
MCU478_dsc03602.jpg
MCU478_dsc03602-large.jpg
MCU478_dsc03602-thumb.jpg
MCU478_dsc04333.jpg
MCU478_dsc04333-large.jpg
MCU478_dsc04333-thumb.jpg
MCU478_easter06.jpg
MCU478_easter06-large.jpg
MCU478_easter06-thumb.jpg
MCU481_entrance.jpg
MCU481_entrance-large.jpg
MCU481_entrance-thumb.jpg
MCU481_exercise.jpg
MCU481_exercise-large.jpg
MCU481_exercise-thumb.jpg
MCU481_petgrooming.jpg
MCU481_petgrooming-large.jpg
MCU481_petgrooming-thumb.jpg
MCU482_webeachsites.jpg
MCU482_webeachsites-large.jpg
MCU482_webeachsites-thumb.jpg
MCU482_webigrigsok.jpg
MCU482_webigrigsok-large.jpg
MCU482_webigrigsok-thumb.jpg
MCU482_wecastinglake.jpg
MCU482_wecastinglake-large.jpg
MCU482_wecastinglake-thumb.jpg
MCU482_wecotgnewpoolwparasol.jpg
MCU482_wecotgnewpoolwparasol-large.jpg
MCU482_wecotgnewpoolwparasol-thumb.jpg
MCU491_gal_summer10.jpg
MCU491_gal_summer10-large.jpg
MCU491_gal_summer10-thumb.jpg
MCU491_gal_summer3.jpg
MCU491_gal_summer3-large.jpg
MCU491_gal_summer3-thumb.jpg
MCU491_gal_summer6.jpg
MCU491_gal_summer6-large.jpg
MCU491_gal_summer6-thumb.jpg
MCU491_lg_tent.jpg
MCU491_lg_tent-large.jpg
MCU491_lg_tent-thumb.jpg
MCU545_71-12.jpg
MCU545_71-12-large.jpg
MCU545_71-12-thumb.jpg
MCU545_71-1.jpg
MCU545_71-1-large.jpg
MCU545_71-1-thumb.jpg
MCU545_71-2.jpg
MCU545_71-2-large.jpg
MCU545_71-2-thumb.jpg
MCU545_71-6.jpg
MCU545_71-6-large.jpg
MCU545_71-6-thumb.jpg
MCU566_flying_flags1.jpg
MCU566_flying_flags1-large.jpg
MCU566_flying_flags1-thumb.jpg
MCU566_flying_flags2.jpg
MCU566_flying_flags2-large.jpg
MCU566_flying_flags2-thumb.jpg
MCU566_flying_flags3.jpg
MCU566_flying_flags3-large.jpg
MCU566_flying_flags3-thumb.jpg
MCU566_flying_flags4.jpg
MCU566_flying_flags4-large.jpg
MCU566_flying_flags4-thumb.jpg
MCU577_228_thumb.jpg
MCU577_228_thumb-thumb.jpg
MCU577_kitchener_bingemans.jpg
MCU577_kitchener_bingemans-large.jpg
MCU577_kitchener_bingemans-thumb.jpg
MCU586_cabin.jpg
MCU586_cabin-large.jpg
MCU586_cabin-thumb.jpg
MCU586_sites1.jpg
MCU586_sites1-large.jpg
MCU586_sites1-thumb.jpg
MCU586_sites2.jpg
MCU586_sites2-large.jpg
MCU586_sites2-thumb.jpg
MCU586_waterslide.jpg
MCU586_waterslide-large.jpg
MCU586_waterslide-thumb.jpg
MCU647_aerial-view.jpg
MCU647_aerial-view-large.jpg
MCU647_aerial-view-thumb.jpg
MCU647_boat_launch.jpg
MCU647_boat_launch-large.jpg
MCU647_boat_launch-thumb.jpg
MCU647_site_01.jpg
MCU647_site_01-large.jpg
MCU647_site_01-thumb.jpg
MCU647_site_02.jpg
MCU647_site_02-large.jpg
MCU647_site_02-thumb.jpg
MCU652_20.jpg
MCU652_20-large.jpg
MCU652_20-thumb.jpg
MCU652_camping.jpg
MCU652_camping-large.jpg
MCU652_camping-thumb.jpg
MCU652_jekyll_bikes.jpg
MCU652_jekyll_bikes-large.jpg
MCU652_jekyll_bikes-thumb.jpg
MCU652_jekyll-island.jpg
MCU652_jekyll-island-large.jpg
MCU652_jekyll-island-thumb.jpg
MCU664_aquia1.jpg
MCU664_aquia1-large.jpg
MCU664_aquia1-thumb.jpg
MCU664_aquia2.jpg
MCU664_aquia2-large.jpg
MCU664_aquia2-thumb.jpg
MCU664_aquia3.jpg
MCU664_aquia3-large.jpg
MCU664_aquia3-thumb.jpg
MCU664_aquia4.jpg
MCU664_aquia4-large.jpg
MCU664_aquia4-thumb.jpg
MCU671_bedbreakfast.jpg
MCU671_bedbreakfast-large.jpg
MCU671_bedbreakfast-thumb.jpg
MCU671_cabins.jpg
MCU671_cabins-large.jpg
MCU671_cabins-thumb.jpg
MCU671_rv_site_.jpg
MCU671_rv_site_-large.jpg
MCU671_rv_site_-thumb.jpg
MCU671_tentsite.jpg
MCU671_tentsite-large.jpg
MCU671_tentsite-thumb.jpg
MCU674_100_0445.jpg
MCU674_100_0445-large.jpg
MCU674_100_0445-thumb.jpg
MCU674_100_0662.jpg
MCU674_100_0662-large.jpg
MCU674_100_0662-thumb.jpg
MCU674_hatteras_pic1sm.jpg
MCU674_hatteras_pic1sm-large.jpg
MCU674_hatteras_pic1sm-thumb.jpg
MCU674_putt-putt.jpg
MCU674_putt-putt-large.jpg
MCU674_putt-putt-thumb.jpg
MCU680_01.jpg
MCU680_01-large.jpg
MCU680_01-thumb.jpg
MCU680_7-2.jpg
MCU680_7-2-large.jpg
MCU680_7-2-thumb.jpg
MCU680_7-4.jpg
MCU680_7-4-large.jpg
MCU680_7-4-thumb.jpg
MCU680_7-5.jpg
MCU680_7-5-large.jpg
MCU680_7-5-thumb.jpg
MCU735_photo_minigolf1.jpg
MCU735_photo_minigolf1-large.jpg
MCU735_photo_minigolf1-thumb.jpg
MCU735_photo_pool1.jpg
MCU735_photo_pool1-large.jpg
MCU735_photo_pool1-thumb.jpg
MCU735_photo_welcome_cabin.jpg
MCU735_photo_welcome_cabin-large.jpg
MCU735_photo_welcome_cabin-thumb.jpg
MCU735_photo_welcome_lake.jpg
MCU735_photo_welcome_lake-large.jpg
MCU735_photo_welcome_lake-thumb.jpg
MCUS12_12x12_cabin_1.jpg
MCUS12_12x12_cabin_1-large.jpg
MCUS12_12x12_cabin_1-thumb.jpg
MCUS12_dsc02610.jpg
MCUS12_dsc02610-large.jpg
MCUS12_dsc02610-thumb.jpg
MCUS12_mini_putt_-_wf.jpg
MCUS12_mini_putt_-_wf-large.jpg
MCUS12_mini_putt_-_wf-thumb.jpg
MCUS12_pic1.jpg
MCUS12_pic1-large.jpg
MCUS12_pic1-thumb.jpg
MCUS14_a45184ec-a427-d21f-a57b664573f4fb6d.jpg
MCUS14_a45184ec-a427-d21f-a57b664573f4fb6d-large.jpg
MCUS14_a45184ec-a427-d21f-a57b664573f4fb6d-thumb.jpg
MCUS14_a453d85e-daf9-1c9e-9c7caa784f5ec18f.jpg
MCUS14_a453d85e-daf9-1c9e-9c7caa784f5ec18f-large.jpg
MCUS14_a453d85e-daf9-1c9e-9c7caa784f5ec18f-thumb.jpg
MCUS14_a454f812-df9e-c859-70ff3d0835d5e6b2.jpg
MCUS14_a454f812-df9e-c859-70ff3d0835d5e6b2-large.jpg
MCUS14_a454f812-df9e-c859-70ff3d0835d5e6b2-thumb.jpg
MCUS14_a4578568-ac4f-e350-db5c3c7a3b824eef.jpg
MCUS14_a4578568-ac4f-e350-db5c3c7a3b824eef-large.jpg
MCUS14_a4578568-ac4f-e350-db5c3c7a3b824eef-thumb.jpg
MCUS15_1_campsite.gif
MCUS15_2_cabin2.gif
MCUS15_3_manfish.gif
MCUS15_playground.jpg
MCUS15_playground-large.jpg
MCUS15_playground-thumb.jpg
MCUS19_dsc05703-1.jpg
MCUS19_dsc05703-1-large.jpg
MCUS19_dsc05703-1-thumb.jpg
MCUS19_img_0109.jpg
MCUS19_img_0109-large.jpg
MCUS19_img_0109-thumb.jpg
MCUS19__k4k5601.jpg
MCUS19__k4k5601-large.jpg
MCUS19__k4k5601-thumb.jpg
MCUS19__mg_0669.jpg
MCUS19__mg_0669-large.jpg
MCUS19__mg_0669-thumb.jpg
MCUS29_cabin2.jpg
MCUS29_cabin2-large.jpg
MCUS29_cabin2-thumb.jpg
MCUS29_cabin.jpg
MCUS29_cabin-large.jpg
MCUS29_cabin-thumb.jpg
MCUS29_roadway.jpg
MCUS29_roadway-large.jpg
MCUS29_roadway-thumb.jpg
MCUS29_site.jpg
MCUS29_site-large.jpg
MCUS29_site-thumb.jpg
MCUS31_61-1.jpg
MCUS31_61-1-large.jpg
MCUS31_61-1-thumb.jpg
MCUS31_61-4.jpg
MCUS31_61-4-large.jpg
MCUS31_61-4-thumb.jpg
MCUS31_af9f134d-ec76-5e7a-8eb978bf1e34add9.jpg
MCUS31_af9f134d-ec76-5e7a-8eb978bf1e34add9-large.jpg
MCUS31_af9f134d-ec76-5e7a-8eb978bf1e34add9-thumb.jpg
MCUS31_af9f8e79-a175-195b-d2048b06a85c2a0d.jpg
MCUS31_af9f8e79-a175-195b-d2048b06a85c2a0d-large.jpg
MCUS31_af9f8e79-a175-195b-d2048b06a85c2a0d-thumb.jpg
MCUS52_1_resizeimage.jpeg
MCUS52_3_resizeimage-1.jpeg
MCUS52_oldblue.jpg
MCUS52_oldblue-large.jpg
MCUS52_oldblue-thumb.jpg
MCUS52_outdoorpools.jpg
MCUS52_outdoorpools-large.jpg
MCUS52_outdoorpools-thumb.jpg
MCUS55_activity_building_022.jpg
MCUS55_activity_building_022-large.jpg
MCUS55_activity_building_022-thumb.jpg
MCUS55_entrance_way_013.jpg
MCUS55_entrance_way_013-large.jpg
MCUS55_entrance_way_013-thumb.jpg
MCUS55_exerciseroom012.jpg
MCUS55_exerciseroom012-large.jpg
MCUS55_exerciseroom012-thumb.jpg
MCUS55_pool_and_clubhouse_018.jpg
MCUS55_pool_and_clubhouse_018-large.jpg
MCUS55_pool_and_clubhouse_018-thumb.jpg
MCUS56_3_2006streetscene.gif
MCUS56_aerial_20view_207.jpg
MCUS56_aerial_20view_207-large.jpg
MCUS56_aerial_20view_207-thumb.jpg
MCUS56_by_20the_20big_20pool_2012.jpg
MCUS56_by_20the_20big_20pool_2012-large.jpg
MCUS56_by_20the_20big_20pool_2012-thumb.jpg
MCUS56_palms_2037.jpg
MCUS56_palms_2037-large.jpg
MCUS56_palms_2037-thumb.jpg
MCUS57_gazebo.jpg
MCUS57_gazebo-large.jpg
MCUS57_gazebo-thumb.jpg
MCUS57_llanoaerial2006.jpg
MCUS57_llanoaerial2006-large.jpg
MCUS57_llanoaerial2006-thumb.jpg
MCUS57_pic3.jpg
MCUS57_pic3-large.jpg
MCUS57_pic3-thumb.jpg
MCUS57_pic5.jpg
MCUS57_pic5-large.jpg
MCUS57_pic5-thumb.jpg
MCUS59_af14bed3-ee93-8020-b4ee23d68bb8afaf.jpg
MCUS59_af14bed3-ee93-8020-b4ee23d68bb8afaf-large.jpg
MCUS59_af14bed3-ee93-8020-b4ee23d68bb8afaf-thumb.jpg
MCUS59_af16abcc-c2ae-6c75-794cb0baa7c8ac47.jpg
MCUS59_af16abcc-c2ae-6c75-794cb0baa7c8ac47-large.jpg
MCUS59_af16abcc-c2ae-6c75-794cb0baa7c8ac47-thumb.jpg
MCUS59_af17d524-fcc7-370f-f896611c757e91af.jpg
MCUS59_af17d524-fcc7-370f-f896611c757e91af-large.jpg
MCUS59_af17d524-fcc7-370f-f896611c757e91af-thumb.jpg
MCUS59_af22c58b-00e0-5720-d67736802be4f176.jpg
MCUS59_af22c58b-00e0-5720-d67736802be4f176-large.jpg
MCUS59_af22c58b-00e0-5720-d67736802be4f176-thumb.jpg
MCUS62_facilities1.jpg
MCUS62_facilities1-large.jpg
MCUS62_facilities1-thumb.jpg
MCUS62_home2.jpg
MCUS62_home2-large.jpg
MCUS62_home2-thumb.jpg
MCUS62_home4.jpg
MCUS62_home4-large.jpg
MCUS62_home4-thumb.jpg
MCUS62_home.jpg
MCUS62_home-large.jpg
MCUS62_home-thumb.jpg
MCUS67_29-1.jpg
MCUS67_29-1-large.jpg
MCUS67_29-1r.jpg
MCUS67_29-1r-large.jpg
MCUS67_29-1r-thumb.jpg
MCUS67_29-1-thumb.jpg
MCUS67_29-2.jpg
MCUS67_29-2-large.jpg
MCUS67_29-2-thumb.jpg
MCUS67_29-3.jpg
MCUS67_29-3-large.jpg
MCUS67_29-3-thumb.jpg
MCUS77_amenities2-1.jpg
MCUS77_amenities2-1-large.jpg
MCUS77_amenities2-1-thumb.jpg
MCUS77_amenities2-3.jpg
MCUS77_amenities2-3-large.jpg
MCUS77_amenities2-3-thumb.jpg
MCUS77_amenities-8.jpg
MCUS77_amenities-8-large.jpg
MCUS77_amenities-8-thumb.jpg
MCUS77_arrowheadpoint-ul.jpg
MCUS77_arrowheadpoint-ul-large.jpg
MCUS77_arrowheadpoint-ul-thumb.jpg
MCUS99_01.jpg
MCUS99_01-large.jpg
MCUS99_01-thumb.jpg
MCUS99_02.jpg
MCUS99_02-large.jpg
MCUS99_02-thumb.jpg
MCUS99_03.jpg
MCUS99_03-large.jpg
MCUS99_03-thumb.jpg
MCUST6_covered_bridge.jpg
MCUST6_covered_bridge-large.jpg
MCUST6_covered_bridge-thumb.jpg
MCUST6_gardens.jpg
MCUST6_gardens-large.jpg
MCUST6_gardens-thumb.jpg
MCUST6_park_01.jpg
MCUST6_park_01-large.jpg
MCUST6_park_01-thumb.jpg
MCUST6_site.jpg
MCUST6_site-large.jpg
MCUST6_site-thumb.jpg
MCUST8_8605.jpg
MCUST8_8605-large.jpg
MCUST8_8605-thumb.jpg
MCUST8_8621.jpg
MCUST8_8621-large.jpg
MCUST8_8621-thumb.jpg
MCUST8_8633.jpg
MCUST8_8633-large.jpg
MCUST8_8633-thumb.jpg
MCUST8_8684.jpg
MCUST8_8684-large.jpg
MCUST8_8684-thumb.jpg
MCUST9_01.jpg
MCUST9_01-large.jpg
MCUST9_01-thumb.jpg
MCUST9_02.jpg
MCUST9_02-large.jpg
MCUST9_02-thumb.jpg
MCUST9_04.jpg
MCUST9_04-large.jpg
MCUST9_04-thumb.jpg
MCUST9_05.jpg
MCUST9_05-large.jpg
MCUST9_05-thumb.jpg
